INFO: [SIM 2] *************** CSIM start ***************
INFO: [SIM 4] CSIM will launch GCC as the compiler.
   Compiling ../../../execute_test.cpp in debug mode
   Generating csim.exe
(0)===
request: tag := insert| key := 10| insert_value := 42--
calling execute() on FPGA...
FPGA response: tag := insert| --
Reference response: tag := insert| --
(1)===
request: tag := search| key := 10--
calling execute() on FPGA...
FPGA response: tag := search| SEARCH value := 42--
Reference response: tag := search| SEARCH value := 42--
(2)===
request: tag := search| key := 20--
calling execute() on FPGA...
FPGA response: tag := search| SEARCH not found.--
Reference response: tag := search| SEARCH not found.--
Inserts:
	successful: 1
	collisions: 0

Deletes:
	useful: 0
	non useful: 0

Searches:
	useful: 1
	non useful: 1
TOTAL: 3
INFO: [SIM 1] CSim done with 0 errors.
INFO: [SIM 3] *************** CSIM finish ***************
