INFO: [HLS 200-0] Workspace /home/bollu/work/CuckooHashingHLS/hls/hashing/solution1 opened at Tue Dec 04 12:55:11 IST 2018
Execute     config_clock -quiet -name default -period 10 -default=false 
INFO: [SYN 201-201] Setting up clock 'default' with a period of 10ns.
Command     config_clock returned 0; 0 sec.
Execute     open_platform DefaultPlatform 
Command     open_platform returned 0; 0 sec.
Execute     import_lib /home/bollu/software/xilinx/Vivado/2017.4/common/technology/xilinx/zynq/zynq 
Execute       source /home/bollu/software/xilinx/Vivado/2017.4/common/technology/xilinx/common/xilinx.lib 
Execute         source /home/bollu/software/xilinx/Vivado/2017.4/common/technology/xilinx/interface/xilinx_interface.lib 
Execute           source /home/bollu/software/xilinx/Vivado/2017.4/common/technology/xilinx/interface/plb46.lib 
Command           ap_source returned 0; 0 sec.
Execute           source /home/bollu/software/xilinx/Vivado/2017.4/common/technology/xilinx/interface/fsl.lib 
Command           ap_source returned 0; 0 sec.
Execute           source /home/bollu/software/xilinx/Vivado/2017.4/common/technology/xilinx/interface/axi4.lib 
Command           ap_source returned 0; 0 sec.
Execute           source /home/bollu/software/xilinx/Vivado/2017.4/common/technology/xilinx/interface/maxi.lib 
Command           ap_source returned 0; 0 sec.
Execute           source /home/bollu/software/xilinx/Vivado/2017.4/common/technology/xilinx/interface/saxilite.lib 
Command           ap_source returned 0; 0 sec.
Command         ap_source returned 0; 0 sec.
Execute         source /home/bollu/software/xilinx/Vivado/2017.4/common/technology/xilinx/common/dsp48.lib 
Command         ap_source returned 0; 0 sec.
Execute         source /home/bollu/software/xilinx/Vivado/2017.4/common/technology/xilinx/ip/dds_compiler.lib 
Command         ap_source returned 0; 0 sec.
Execute         source /home/bollu/software/xilinx/Vivado/2017.4/common/technology/xilinx/ip/xfft.lib 
Command         ap_source returned 0; 0 sec.
Execute         source /home/bollu/software/xilinx/Vivado/2017.4/common/technology/xilinx/ip/xfir.lib 
Command         ap_source returned 0; 0 sec.
Command       ap_source returned 0; 0 sec.
Execute       source /home/bollu/software/xilinx/Vivado/2017.4/common/technology/xilinx/common/xilinx_old.lib 
Command       ap_source returned 0; 0 sec.
Execute       source /home/bollu/software/xilinx/Vivado/2017.4/common/technology/xilinx/common/xilinx_vivado.lib 
Command       ap_source returned 0; 0 sec.
Execute       source /home/bollu/software/xilinx/Vivado/2017.4/common/technology/xilinx/common/xilinx.hlp 
Execute         source /home/bollu/software/xilinx/Vivado/2017.4/common/technology/xilinx/common/target_info.tcl 
Command         ap_source returned 0; 0 sec.
Execute         source /home/bollu/software/xilinx/Vivado/2017.4/common/technology/xilinx/interface/xilinx_interface.hlp 
Execute           source /home/bollu/software/xilinx/Vivado/2017.4/common/technology/xilinx/interface/maxi.hlp 
Command           ap_source returned 0; 0 sec.
Execute           source /home/bollu/software/xilinx/Vivado/2017.4/common/technology/xilinx/interface/saxilite.hlp 
Command           ap_source returned 0; 0 sec.
Command         ap_source returned 0; 0 sec.
Execute         source /home/bollu/software/xilinx/Vivado/2017.4/common/technology/xilinx/common/dsp48.hlp 
Command         ap_source returned 0; 0 sec.
Command       ap_source returned 0; 0 sec.
Execute       source /home/bollu/software/xilinx/Vivado/2017.4/common/technology/xilinx/zynq/dsp48e1.hlp 
Command       ap_source returned 0; 0 sec.
Execute       get_default_platform 
Command       get_default_platform returned 0; 0 sec.
Execute       config_chip_info -quiet -resource  {SLICE 13300}  {LUT 53200}     {FF 106400} {DSP48E 220}   {BRAM 280}  
Command       config_chip_info returned 0; 0 sec.
Execute       config_chip_info -quiet -speed medium 
Command       config_chip_info returned 0; 0 sec.
Execute       source /home/bollu/software/xilinx/Vivado/2017.4/common/technology/xilinx/common/xilinx.hlp 
Execute         source /home/bollu/software/xilinx/Vivado/2017.4/common/technology/xilinx/common/target_info.tcl 
Command         ap_source returned 0; 0 sec.
Execute         source /home/bollu/software/xilinx/Vivado/2017.4/common/technology/xilinx/interface/xilinx_interface.hlp 
Execute           source /home/bollu/software/xilinx/Vivado/2017.4/common/technology/xilinx/interface/maxi.hlp 
Command           ap_source returned 0; 0 sec.
Execute           source /home/bollu/software/xilinx/Vivado/2017.4/common/technology/xilinx/interface/saxilite.hlp 
Command           ap_source returned 0; 0 sec.
Command         ap_source returned 0; 0 sec.
Execute         source /home/bollu/software/xilinx/Vivado/2017.4/common/technology/xilinx/common/dsp48.hlp 
Command         ap_source returned 0; 0.01 sec.
Command       ap_source returned 0; 0.01 sec.
Command     import_lib returned 0; 0.02 sec.
Execute     source /home/bollu/software/xilinx/Vivado/2017.4/common/technology/xilinx/zynq/zynq.gen 
Execute       source /home/bollu/software/xilinx/Vivado/2017.4/common/technology/xilinx/common/virtex.gen 
Execute         source /home/bollu/software/xilinx/Vivado/2017.4/common/technology/xilinx/common/xilinx.gen 
Execute           source /home/bollu/software/xilinx/Vivado/2017.4/common/technology/xilinx/interface/plb46.gen 
Command           ap_source returned 0; 0 sec.
Execute           source /home/bollu/software/xilinx/Vivado/2017.4/common/technology/xilinx/interface/fsl.gen 
Command           ap_source returned 0; 0 sec.
Execute           source /home/bollu/software/xilinx/Vivado/2017.4/common/technology/xilinx/interface/axi4.gen 
Command           ap_source returned 0; 0 sec.
Execute           source /home/bollu/software/xilinx/Vivado/2017.4/common/technology/xilinx/interface/nativeAXI4.gen 
Execute             source /home/bollu/software/xilinx/Vivado/2017.4/common/technology/xilinx/interface/saxilite.gen 
Command             ap_source returned 0; 0 sec.
Execute             source /home/bollu/software/xilinx/Vivado/2017.4/common/technology/xilinx/interface/maxi.gen 
Command             ap_source returned 0; 0 sec.
Command           ap_source returned 0; 0 sec.
Execute           source /home/bollu/software/xilinx/Vivado/2017.4/common/technology/xilinx/scripts/xilinxcoregen.gen 
Command           ap_source returned 0; 0.01 sec.
Execute           source /home/bollu/software/xilinx/Vivado/2017.4/common/technology/xilinx/interface/XilEDKCoreGen.gen 
Command           ap_source returned 0; 0.01 sec.
Execute           source /home/bollu/software/xilinx/Vivado/2017.4/common/technology/xilinx/ip/xfir.gen 
Command           ap_source returned 0; 0 sec.
Execute           source /home/bollu/software/xilinx/Vivado/2017.4/common/technology/xilinx/ip/xfft.gen 
Command           ap_source returned 0; 0.07 sec.
Execute           source /home/bollu/software/xilinx/Vivado/2017.4/common/technology/xilinx/ip/util.gen 
Command           ap_source returned 0; 0 sec.
Execute           source /home/bollu/software/xilinx/Vivado/2017.4/common/technology/xilinx/ip/dds_compiler.gen 
Command           ap_source returned 0; 0.01 sec.
Command         ap_source returned 0; 0.1 sec.
Execute         source /home/bollu/software/xilinx/Vivado/2017.4/common/technology/xilinx/common/dsp48.gen 
Command         ap_source returned 0; 0 sec.
Command       ap_source returned 0; 0.1 sec.
Command     ap_source returned 0; 0.1 sec.
Execute     open_platform DefaultPlatform 
Command     open_platform returned 0; 0 sec.
Execute     import_lib /home/bollu/software/xilinx/Vivado/2017.4/common/technology/xilinx/zynq/zynq_fpv6 
Execute       source /home/bollu/software/xilinx/Vivado/2017.4/common/technology/xilinx/common/xilinx_fpv7.lib 
Execute         source /home/bollu/software/xilinx/Vivado/2017.4/common/technology/xilinx/common/xilinx_hp.lib 
Command         ap_source returned 0; 0 sec.
Command       ap_source returned 0; 0 sec.
Execute       source /home/bollu/software/xilinx/Vivado/2017.4/common/technology/xilinx/common/xilinx_fpv.hlp 
Execute         source /home/bollu/software/xilinx/Vivado/2017.4/common/technology/xilinx/common/xilinx.hlp 
Execute           source /home/bollu/software/xilinx/Vivado/2017.4/common/technology/xilinx/common/target_info.tcl 
Command           ap_source returned 0; 0 sec.
Execute           source /home/bollu/software/xilinx/Vivado/2017.4/common/technology/xilinx/interface/xilinx_interface.hlp 
Execute             source /home/bollu/software/xilinx/Vivado/2017.4/common/technology/xilinx/interface/maxi.hlp 
Command             ap_source returned 0; 0 sec.
Execute             source /home/bollu/software/xilinx/Vivado/2017.4/common/technology/xilinx/interface/saxilite.hlp 
Command             ap_source returned 0; 0 sec.
Command           ap_source returned 0; 0 sec.
Execute           source /home/bollu/software/xilinx/Vivado/2017.4/common/technology/xilinx/common/dsp48.hlp 
Command           ap_source returned 0; 0 sec.
Command         ap_source returned 0; 0 sec.
Command       ap_source returned 0; 0 sec.
Execute       source /home/bollu/software/xilinx/Vivado/2017.4/common/technology/xilinx/zynq/zynq_hp.hlp 
Command       ap_source returned 0; 0 sec.
Command     import_lib returned 0; 0.01 sec.
Execute     source /home/bollu/software/xilinx/Vivado/2017.4/common/technology/xilinx/zynq/zynq_fpv6.gen 
Execute       source /home/bollu/software/xilinx/Vivado/2017.4/common/technology/xilinx/common/xilinx_fpv6.gen 
Command       ap_source returned 0; 0 sec.
Command     ap_source returned 0; 0 sec.
Execute     set_part xc7z020clg484-1 
Execute       add_library xilinx/zynq/zynq:xc7z020:clg484:-1 
Execute         get_default_platform 
Command         get_default_platform returned 0; 0 sec.
Execute         license_isbetapart xc7z020 
Command         license_isbetapart returned 1; 0 sec.
Execute         get_default_platform 
Command         get_default_platform returned 0; 0 sec.
Execute         config_chip_info -quiet -resource  {SLICE 13300}  {LUT 53200}     {FF 106400} {DSP48E 220}   {BRAM 280}  
Command         config_chip_info returned 0; 0 sec.
Execute         config_chip_info -quiet -speed slow 
Command         config_chip_info returned 0; 0 sec.
Command       add_library returned 0; 0.01 sec.
Execute       add_library xilinx/zynq/zynq_fpv6 
Execute         get_default_platform 
Command         get_default_platform returned 0; 0 sec.
Command       add_library returned 0; 0 sec.
INFO: [HLS 200-10] Setting target device to 'xc7z020clg484-1'
Execute       get_default_platform 
Command       get_default_platform returned 0; 0 sec.
Command     set_part returned 0; 0.03 sec.
Execute     get_default_platform 
Command     get_default_platform returned 0; 0 sec.
Execute     config_chip_info -quiet -resource  {SLICE 13300}  {LUT 53200}     {FF 106400} {DSP48E 220}   {BRAM 280}  
Command     config_chip_info returned 0; 0 sec.
Execute     config_chip_info -quiet -speed slow 
Command     config_chip_info returned 0; 0 sec.
Command   open_solution returned 0; 0.17 sec.
Execute   export_design -rtl verilog -format ip_catalog -description key value store -vendor bollu -library kvstore -display_name kvstore 
Execute     source /home/bollu/work/CuckooHashingHLS/hls/hashing/solution1/.autopilot/db/global.setting.tcl 
Command     ap_source returned 0; 0 sec.
Execute     source /home/bollu/software/xilinx/Vivado/2017.4/common/technology/generic/autopilot/common.gen 
Execute       source /home/bollu/software/xilinx/Vivado/2017.4/common/technology/generic/autopilot/APCoreGen.gen 
Command       ap_source returned 0; 0 sec.
Command     ap_source returned 0; 0 sec.
Execute     source /home/bollu/software/xilinx/Vivado/2017.4/common/technology/generic/autopilot/op.gen 
Command     ap_source returned 0; 0 sec.
Execute     source /home/bollu/software/xilinx/Vivado/2017.4/common/technology/generic/autopilot/op_simcore.gen 
Command     ap_source returned 0; 0 sec.
Execute     source /home/bollu/software/xilinx/Vivado/2017.4/common/technology/generic/autopilot/interface.gen 
Command     ap_source returned 0; 0 sec.
Execute     source /home/bollu/work/CuckooHashingHLS/hls/hashing/solution1/.autopilot/db/global.setting.tcl 
Command     ap_source returned 0; 0 sec.
Execute     source /home/bollu/software/xilinx/Vivado/2017.4/common/technology/xilinx/zynq/zynq.gen 
Execute       source /home/bollu/software/xilinx/Vivado/2017.4/common/technology/xilinx/common/virtex.gen 
Execute         source /home/bollu/software/xilinx/Vivado/2017.4/common/technology/xilinx/common/xilinx.gen 
Execute           source /home/bollu/software/xilinx/Vivado/2017.4/common/technology/xilinx/interface/plb46.gen 
Command           ap_source returned 0; 0 sec.
Execute           source /home/bollu/software/xilinx/Vivado/2017.4/common/technology/xilinx/interface/fsl.gen 
Command           ap_source returned 0; 0 sec.
Execute           source /home/bollu/software/xilinx/Vivado/2017.4/common/technology/xilinx/interface/axi4.gen 
Command           ap_source returned 0; 0 sec.
Execute           source /home/bollu/software/xilinx/Vivado/2017.4/common/technology/xilinx/interface/nativeAXI4.gen 
Execute             source /home/bollu/software/xilinx/Vivado/2017.4/common/technology/xilinx/interface/saxilite.gen 
Command             ap_source returned 0; 0.01 sec.
Execute             source /home/bollu/software/xilinx/Vivado/2017.4/common/technology/xilinx/interface/maxi.gen 
Command             ap_source returned 0; 0 sec.
Command           ap_source returned 0; 0.01 sec.
Execute           source /home/bollu/software/xilinx/Vivado/2017.4/common/technology/xilinx/scripts/xilinxcoregen.gen 
Command           ap_source returned 0; 0.01 sec.
Execute           source /home/bollu/software/xilinx/Vivado/2017.4/common/technology/xilinx/interface/XilEDKCoreGen.gen 
Command           ap_source returned 0; 0 sec.
Execute           source /home/bollu/software/xilinx/Vivado/2017.4/common/technology/xilinx/ip/xfir.gen 
Command           ap_source returned 0; 0 sec.
Execute           source /home/bollu/software/xilinx/Vivado/2017.4/common/technology/xilinx/ip/xfft.gen 
Command           ap_source returned 0; 0.08 sec.
Execute           source /home/bollu/software/xilinx/Vivado/2017.4/common/technology/xilinx/ip/util.gen 
Command           ap_source returned 0; 0 sec.
Execute           source /home/bollu/software/xilinx/Vivado/2017.4/common/technology/xilinx/ip/dds_compiler.gen 
Command           ap_source returned 0; 0 sec.
Command         ap_source returned 0; 0.1 sec.
Execute         source /home/bollu/software/xilinx/Vivado/2017.4/common/technology/xilinx/common/dsp48.gen 
Command         ap_source returned 0; 0 sec.
Command       ap_source returned 0; 0.1 sec.
Command     ap_source returned 0; 0.1 sec.
Execute     source /home/bollu/software/xilinx/Vivado/2017.4/common/technology/xilinx/zynq/zynq_fpv6.gen 
Execute       source /home/bollu/software/xilinx/Vivado/2017.4/common/technology/xilinx/common/xilinx_fpv6.gen 
Command       ap_source returned 0; 0 sec.
Command     ap_source returned 0; 0 sec.
Execute     source /home/bollu/work/CuckooHashingHLS/hls/hashing/solution1/.autopilot/db/global.setting.tcl 
Command     ap_source returned 0; 0 sec.
INFO: [IMPL 213-8] Exporting RTL as a Vivado IP.
Execute     source /home/bollu/work/CuckooHashingHLS/hls/hashing/solution1/.autopilot/db/global.setting.tcl 
Command     ap_source returned 0; 0 sec.
Execute     source /home/bollu/work/CuckooHashingHLS/hls/hashing/solution1/.autopilot/db/global.setting.tcl 
Command     ap_source returned 0; 0 sec.
Execute     source /home/bollu/software/xilinx/Vivado/2017.4/common/technology/generic/autopilot/common.gen 
Execute       source /home/bollu/software/xilinx/Vivado/2017.4/common/technology/generic/autopilot/APCoreGen.gen 
Command       ap_source returned 0; 0.01 sec.
Command     ap_source returned 0; 0.01 sec.
Execute     source /home/bollu/software/xilinx/Vivado/2017.4/common/technology/generic/autopilot/op.gen 
Command     ap_source returned 0; 0 sec.
Execute     source /home/bollu/software/xilinx/Vivado/2017.4/common/technology/generic/autopilot/op_simcore.gen 
Command     ap_source returned 0; 0 sec.
Execute     source /home/bollu/software/xilinx/Vivado/2017.4/common/technology/generic/autopilot/interface.gen 
Command     ap_source returned 0; 0 sec.
Execute     source /home/bollu/work/CuckooHashingHLS/hls/hashing/solution1/.autopilot/db/global.setting.tcl 
Command     ap_source returned 0; 0 sec.
Execute     source /home/bollu/software/xilinx/Vivado/2017.4/common/technology/xilinx/zynq/zynq.gen 
Execute       source /home/bollu/software/xilinx/Vivado/2017.4/common/technology/xilinx/common/virtex.gen 
Execute         source /home/bollu/software/xilinx/Vivado/2017.4/common/technology/xilinx/common/xilinx.gen 
Execute           source /home/bollu/software/xilinx/Vivado/2017.4/common/technology/xilinx/interface/plb46.gen 
Command           ap_source returned 0; 0 sec.
Execute           source /home/bollu/software/xilinx/Vivado/2017.4/common/technology/xilinx/interface/fsl.gen 
Command           ap_source returned 0; 0 sec.
Execute           source /home/bollu/software/xilinx/Vivado/2017.4/common/technology/xilinx/interface/axi4.gen 
Command           ap_source returned 0; 0 sec.
Execute           source /home/bollu/software/xilinx/Vivado/2017.4/common/technology/xilinx/interface/nativeAXI4.gen 
Execute             source /home/bollu/software/xilinx/Vivado/2017.4/common/technology/xilinx/interface/saxilite.gen 
Command             ap_source returned 0; 0 sec.
Execute             source /home/bollu/software/xilinx/Vivado/2017.4/common/technology/xilinx/interface/maxi.gen 
Command             ap_source returned 0; 0.01 sec.
Command           ap_source returned 0; 0.01 sec.
Execute           source /home/bollu/software/xilinx/Vivado/2017.4/common/technology/xilinx/scripts/xilinxcoregen.gen 
Command           ap_source returned 0; 0 sec.
Execute           source /home/bollu/software/xilinx/Vivado/2017.4/common/technology/xilinx/interface/XilEDKCoreGen.gen 
Command           ap_source returned 0; 0.01 sec.
Execute           source /home/bollu/software/xilinx/Vivado/2017.4/common/technology/xilinx/ip/xfir.gen 
Command           ap_source returned 0; 0 sec.
Execute           source /home/bollu/software/xilinx/Vivado/2017.4/common/technology/xilinx/ip/xfft.gen 
Command           ap_source returned 0; 0.07 sec.
Execute           source /home/bollu/software/xilinx/Vivado/2017.4/common/technology/xilinx/ip/util.gen 
Command           ap_source returned 0; 0 sec.
Execute           source /home/bollu/software/xilinx/Vivado/2017.4/common/technology/xilinx/ip/dds_compiler.gen 
Command           ap_source returned 0; 0.01 sec.
Command         ap_source returned 0; 0.1 sec.
Execute         source /home/bollu/software/xilinx/Vivado/2017.4/common/technology/xilinx/common/dsp48.gen 
Command         ap_source returned 0; 0 sec.
Command       ap_source returned 0; 0.1 sec.
Command     ap_source returned 0; 0.1 sec.
Execute     source /home/bollu/software/xilinx/Vivado/2017.4/common/technology/xilinx/zynq/zynq_fpv6.gen 
Execute       source /home/bollu/software/xilinx/Vivado/2017.4/common/technology/xilinx/common/xilinx_fpv6.gen 
Command       ap_source returned 0; 0 sec.
Command     ap_source returned 0; 0 sec.
Execute     source /home/bollu/work/CuckooHashingHLS/hls/hashing/solution1/.autopilot/db/traffic_generate_and_execute.rtl_wrap.cfg.tcl 
Command     ap_source returned 0; 0 sec.
Execute     source /home/bollu/work/CuckooHashingHLS/hls/hashing/solution1/.autopilot/db/traffic_generate_and_execute.rtl_wrap.cfg.tcl 
Command     ap_source returned 0; 0 sec.
Execute     source /home/bollu/work/CuckooHashingHLS/hls/hashing/solution1/.autopilot/db/traffic_generate_and_execute.rtl_wrap.cfg.tcl 
Command     ap_source returned 0; 0 sec.
Execute     source /home/bollu/work/CuckooHashingHLS/hls/hashing/solution1/.autopilot/db/traffic_generate_and_execute.tbgen.tcl 
Command     ap_source returned 0; 0 sec.
Execute     source /home/bollu/work/CuckooHashingHLS/hls/hashing/solution1/.autopilot/db/traffic_generate_and_execute.tbgen.tcl 
Command     ap_source returned 0; 0 sec.
Execute     source /home/bollu/work/CuckooHashingHLS/hls/hashing/solution1/.autopilot/db/global.setting.tcl 
Command     ap_source returned 0; 0 sec.
Execute     source /home/bollu/work/CuckooHashingHLS/hls/hashing/solution1/.autopilot/db/execute.compgen.tcl 
Command     ap_source returned 0; 0 sec.
Execute     source /home/bollu/work/CuckooHashingHLS/hls/hashing/solution1/.autopilot/db/traffic_generate_and_execute.compgen.tcl 
Command     ap_source returned 0; 0 sec.
Execute     source /home/bollu/work/CuckooHashingHLS/hls/hashing/solution1/.autopilot/db/global.setting.tcl 
Command     ap_source returned 0; 0 sec.
Execute     source /home/bollu/work/CuckooHashingHLS/hls/hashing/solution1/.autopilot/db/execute.compgen.tcl 
Command     ap_source returned 0; 0 sec.
Execute     source /home/bollu/work/CuckooHashingHLS/hls/hashing/solution1/.autopilot/db/traffic_generate_and_execute.compgen.tcl 
Command     ap_source returned 0; 0 sec.
Execute     source /home/bollu/work/CuckooHashingHLS/hls/hashing/solution1/.autopilot/db/global.setting.tcl 
Command     ap_source returned 0; 0 sec.
Execute     source /home/bollu/work/CuckooHashingHLS/hls/hashing/solution1/.autopilot/db/execute.compgen.tcl 
Command     ap_source returned 0; 0 sec.
Execute     source /home/bollu/work/CuckooHashingHLS/hls/hashing/solution1/.autopilot/db/traffic_generate_and_execute.compgen.tcl 
Command     ap_source returned 0; 0 sec.
Execute     source /home/bollu/work/CuckooHashingHLS/hls/hashing/solution1/.autopilot/db/global.setting.tcl 
Command     ap_source returned 0; 0 sec.
Execute     source /home/bollu/work/CuckooHashingHLS/hls/hashing/solution1/.autopilot/db/traffic_generate_and_execute.constraint.tcl 
Command     ap_source returned 0; 0 sec.
Execute     source /home/bollu/work/CuckooHashingHLS/hls/hashing/solution1/.autopilot/db/traffic_generate_and_execute.tbgen.tcl 
Command     ap_source returned 0; 0 sec.
Execute     source /home/bollu/work/CuckooHashingHLS/hls/hashing/solution1/.autopilot/db/global.setting.tcl 
Command     ap_source returned 0; 0 sec.
Execute     source /home/bollu/work/CuckooHashingHLS/hls/hashing/solution1/.autopilot/db/global.setting.tcl 
Command     ap_source returned 0; 0 sec.
Execute     source /home/bollu/work/CuckooHashingHLS/hls/hashing/solution1/.autopilot/db/global.setting.tcl 
Command     ap_source returned 0; 0 sec.
Execute     source /home/bollu/work/CuckooHashingHLS/hls/hashing/solution1/.autopilot/db/traffic_generate_and_execute.tbgen.tcl 
Command     ap_source returned 0; 0 sec.
Execute     source /home/bollu/work/CuckooHashingHLS/hls/hashing/solution1/.autopilot/db/traffic_generate_and_execute.tbgen.tcl 
Command     ap_source returned 0; 0 sec.
Execute     source /home/bollu/work/CuckooHashingHLS/hls/hashing/solution1/.autopilot/db/global.setting.tcl 
Command     ap_source returned 0; 0 sec.
Execute     source /home/bollu/work/CuckooHashingHLS/hls/hashing/solution1/.autopilot/db/traffic_generate_and_execute.constraint.tcl 
Command     ap_source returned 0; 0 sec.
Execute     sc_get_clocks traffic_generate_and_execute 
Command     sc_get_clocks returned 0; 0 sec.
Execute     source /home/bollu/work/CuckooHashingHLS/hls/hashing/solution1/.autopilot/db/global.setting.tcl 
Command     ap_source returned 0; 0 sec.
Execute     source /home/bollu/work/CuckooHashingHLS/hls/hashing/solution1/.autopilot/db/traffic_generate_and_execute.tbgen.tcl 
Command     ap_source returned 0; 0 sec.
Execute     source /home/bollu/work/CuckooHashingHLS/hls/hashing/solution1/.autopilot/db/traffic_generate_and_execute.tbgen.tcl 
Command     ap_source returned 0; 0 sec.
Execute     source /home/bollu/work/CuckooHashingHLS/hls/hashing/solution1/.autopilot/db/global.setting.tcl 
Command     ap_source returned 0; 0 sec.
Execute     source /home/bollu/work/CuckooHashingHLS/hls/hashing/solution1/.autopilot/db/global.setting.tcl 
Command     ap_source returned 0; 0 sec.
Execute     source /home/bollu/work/CuckooHashingHLS/hls/hashing/solution1/.autopilot/db/traffic_generate_and_execute.rtl_wrap.cfg.tcl 
Command     ap_source returned 0; 0 sec.
Execute     source /home/bollu/work/CuckooHashingHLS/hls/hashing/solution1/.autopilot/db/traffic_generate_and_execute.rtl_wrap.cfg.tcl 
Command     ap_source returned 0; 0 sec.
Execute     source /home/bollu/work/CuckooHashingHLS/hls/hashing/solution1/.autopilot/db/traffic_generate_and_execute.rtl_wrap.cfg.tcl 
Command     ap_source returned 0; 0 sec.
Execute     source /home/bollu/work/CuckooHashingHLS/hls/hashing/solution1/.autopilot/db/traffic_generate_and_execute.tbgen.tcl 
Command     ap_source returned 0; 0 sec.
Execute     source /home/bollu/work/CuckooHashingHLS/hls/hashing/solution1/.autopilot/db/traffic_generate_and_execute.tbgen.tcl 
Command     ap_source returned 0; 0 sec.
Execute     source /home/bollu/work/CuckooHashingHLS/hls/hashing/solution1/.autopilot/db/traffic_generate_and_execute.tbgen.tcl 
Command     ap_source returned 0; 0 sec.
Execute     source /home/bollu/work/CuckooHashingHLS/hls/hashing/solution1/.autopilot/db/traffic_generate_and_execute.rtl_wrap.cfg.tcl 
Command     ap_source returned 0; 0 sec.
Execute     source /home/bollu/work/CuckooHashingHLS/hls/hashing/solution1/.autopilot/db/traffic_generate_and_execute.rtl_wrap.cfg.tcl 
Command     ap_source returned 0; 0 sec.
Execute     source /home/bollu/work/CuckooHashingHLS/hls/hashing/solution1/.autopilot/db/traffic_generate_and_execute.rtl_wrap.cfg.tcl 
Command     ap_source returned 0; 0 sec.
Execute     source /home/bollu/work/CuckooHashingHLS/hls/hashing/solution1/.autopilot/db/traffic_generate_and_execute.tbgen.tcl 
Command     ap_source returned 0; 0 sec.
Execute     source /home/bollu/work/CuckooHashingHLS/hls/hashing/solution1/.autopilot/db/traffic_generate_and_execute.tbgen.tcl 
Command     ap_source returned 0; 0 sec.
Execute     source /home/bollu/work/CuckooHashingHLS/hls/hashing/solution1/.autopilot/db/traffic_generate_and_execute.tbgen.tcl 
Command     ap_source returned 0; 0 sec.
Execute     source /home/bollu/work/CuckooHashingHLS/hls/hashing/solution1/.autopilot/db/global.setting.tcl 
Command     ap_source returned 0; 0 sec.
Execute     source /home/bollu/work/CuckooHashingHLS/hls/hashing/solution1/.autopilot/db/traffic_generate_and_execute.constraint.tcl 
Command     ap_source returned 0; 0 sec.
Execute     source /home/bollu/work/CuckooHashingHLS/hls/hashing/solution1/.autopilot/db/global.setting.tcl 
Command     ap_source returned 0; 0 sec.
Execute     source /home/bollu/work/CuckooHashingHLS/hls/hashing/solution1/.autopilot/db/global.setting.tcl 
Command     ap_source returned 0; 0 sec.
Execute     source /home/bollu/work/CuckooHashingHLS/hls/hashing/solution1/.autopilot/db/traffic_generate_and_execute.constraint.tcl 
Command     ap_source returned 0; 0 sec.
Execute     source /home/bollu/work/CuckooHashingHLS/hls/hashing/solution1/.autopilot/db/traffic_generate_and_execute.tbgen.tcl 
Command     ap_source returned 0; 0 sec.
Execute     source /home/bollu/work/CuckooHashingHLS/hls/hashing/solution1/.autopilot/db/global.setting.tcl 
Command     ap_source returned 0; 0 sec.
Execute     source /home/bollu/work/CuckooHashingHLS/hls/hashing/solution1/.autopilot/db/traffic_generate_and_execute.constraint.tcl 
Command     ap_source returned 0; 0 sec.
Execute     source /home/bollu/work/CuckooHashingHLS/hls/hashing/solution1/.autopilot/db/traffic_generate_and_execute.tbgen.tcl 
Command     ap_source returned 0; 0 sec.
Execute     source /home/bollu/work/CuckooHashingHLS/hls/hashing/solution1/.autopilot/db/global.setting.tcl 
Command     ap_source returned 0; 0 sec.
Execute     source /home/bollu/software/xilinx/Vivado/2017.4/common/technology/generic/autopilot/common.gen 
Execute       source /home/bollu/software/xilinx/Vivado/2017.4/common/technology/generic/autopilot/APCoreGen.gen 
Command       ap_source returned 0; 0 sec.
Command     ap_source returned 0; 0 sec.
Execute     source /home/bollu/software/xilinx/Vivado/2017.4/common/technology/generic/autopilot/op.gen 
Command     ap_source returned 0; 0 sec.
Execute     source /home/bollu/software/xilinx/Vivado/2017.4/common/technology/generic/autopilot/op_simcore.gen 
Command     ap_source returned 0; 0 sec.
Execute     source /home/bollu/software/xilinx/Vivado/2017.4/common/technology/generic/autopilot/interface.gen 
Command     ap_source returned 0; 0 sec.
Execute     source /home/bollu/work/CuckooHashingHLS/hls/hashing/solution1/.autopilot/db/global.setting.tcl 
Command     ap_source returned 0; 0 sec.
Execute     source /home/bollu/software/xilinx/Vivado/2017.4/common/technology/xilinx/zynq/zynq.gen 
Execute       source /home/bollu/software/xilinx/Vivado/2017.4/common/technology/xilinx/common/virtex.gen 
Execute         source /home/bollu/software/xilinx/Vivado/2017.4/common/technology/xilinx/common/xilinx.gen 
Execute           source /home/bollu/software/xilinx/Vivado/2017.4/common/technology/xilinx/interface/plb46.gen 
Command           ap_source returned 0; 0 sec.
Execute           source /home/bollu/software/xilinx/Vivado/2017.4/common/technology/xilinx/interface/fsl.gen 
Command           ap_source returned 0; 0 sec.
Execute           source /home/bollu/software/xilinx/Vivado/2017.4/common/technology/xilinx/interface/axi4.gen 
Command           ap_source returned 0; 0 sec.
Execute           source /home/bollu/software/xilinx/Vivado/2017.4/common/technology/xilinx/interface/nativeAXI4.gen 
Execute             source /home/bollu/software/xilinx/Vivado/2017.4/common/technology/xilinx/interface/saxilite.gen 
Command             ap_source returned 0; 0.01 sec.
Execute             source /home/bollu/software/xilinx/Vivado/2017.4/common/technology/xilinx/interface/maxi.gen 
Command             ap_source returned 0; 0 sec.
Command           ap_source returned 0; 0.01 sec.
Execute           source /home/bollu/software/xilinx/Vivado/2017.4/common/technology/xilinx/scripts/xilinxcoregen.gen 
Command           ap_source returned 0; 0.01 sec.
Execute           source /home/bollu/software/xilinx/Vivado/2017.4/common/technology/xilinx/interface/XilEDKCoreGen.gen 
Command           ap_source returned 0; 0.01 sec.
Execute           source /home/bollu/software/xilinx/Vivado/2017.4/common/technology/xilinx/ip/xfir.gen 
Command           ap_source returned 0; 0 sec.
Execute           source /home/bollu/software/xilinx/Vivado/2017.4/common/technology/xilinx/ip/xfft.gen 
Command           ap_source returned 0; 0.07 sec.
Execute           source /home/bollu/software/xilinx/Vivado/2017.4/common/technology/xilinx/ip/util.gen 
Command           ap_source returned 0; 0 sec.
Execute           source /home/bollu/software/xilinx/Vivado/2017.4/common/technology/xilinx/ip/dds_compiler.gen 
Command           ap_source returned 0; 0 sec.
Command         ap_source returned 0; 0.1 sec.
Execute         source /home/bollu/software/xilinx/Vivado/2017.4/common/technology/xilinx/common/dsp48.gen 
Command         ap_source returned 0; 0 sec.
Command       ap_source returned 0; 0.1 sec.
Command     ap_source returned 0; 0.1 sec.
Execute     source /home/bollu/software/xilinx/Vivado/2017.4/common/technology/xilinx/zynq/zynq_fpv6.gen 
Execute       source /home/bollu/software/xilinx/Vivado/2017.4/common/technology/xilinx/common/xilinx_fpv6.gen 
Command       ap_source returned 0; 0 sec.
Command     ap_source returned 0; 0 sec.
Execute     source /home/bollu/work/CuckooHashingHLS/hls/hashing/solution1/.autopilot/db/global.setting.tcl 
Command     ap_source returned 0; 0 sec.
Execute     source /home/bollu/software/xilinx/Vivado/2017.4/common/technology/generic/autopilot/common.gen 
Execute       source /home/bollu/software/xilinx/Vivado/2017.4/common/technology/generic/autopilot/APCoreGen.gen 
Command       ap_source returned 0; 0 sec.
Command     ap_source returned 0; 0 sec.
Execute     source /home/bollu/software/xilinx/Vivado/2017.4/common/technology/generic/autopilot/op.gen 
Command     ap_source returned 0; 0 sec.
Execute     source /home/bollu/software/xilinx/Vivado/2017.4/common/technology/generic/autopilot/op_simcore.gen 
Command     ap_source returned 0; 0 sec.
Execute     source /home/bollu/software/xilinx/Vivado/2017.4/common/technology/generic/autopilot/interface.gen 
Command     ap_source returned 0; 0 sec.
Execute     source /home/bollu/work/CuckooHashingHLS/hls/hashing/solution1/.autopilot/db/global.setting.tcl 
Command     ap_source returned 0; 0 sec.
Execute     source /home/bollu/software/xilinx/Vivado/2017.4/common/technology/xilinx/zynq/zynq.gen 
Execute       source /home/bollu/software/xilinx/Vivado/2017.4/common/technology/xilinx/common/virtex.gen 
Execute         source /home/bollu/software/xilinx/Vivado/2017.4/common/technology/xilinx/common/xilinx.gen 
Execute           source /home/bollu/software/xilinx/Vivado/2017.4/common/technology/xilinx/interface/plb46.gen 
Command           ap_source returned 0; 0.01 sec.
Execute           source /home/bollu/software/xilinx/Vivado/2017.4/common/technology/xilinx/interface/fsl.gen 
Command           ap_source returned 0; 0 sec.
Execute           source /home/bollu/software/xilinx/Vivado/2017.4/common/technology/xilinx/interface/axi4.gen 
Command           ap_source returned 0; 0 sec.
Execute           source /home/bollu/software/xilinx/Vivado/2017.4/common/technology/xilinx/interface/nativeAXI4.gen 
Execute             source /home/bollu/software/xilinx/Vivado/2017.4/common/technology/xilinx/interface/saxilite.gen 
Command             ap_source returned 0; 0 sec.
Execute             source /home/bollu/software/xilinx/Vivado/2017.4/common/technology/xilinx/interface/maxi.gen 
Command             ap_source returned 0; 0.01 sec.
Command           ap_source returned 0; 0.01 sec.
Execute           source /home/bollu/software/xilinx/Vivado/2017.4/common/technology/xilinx/scripts/xilinxcoregen.gen 
Command           ap_source returned 0; 0 sec.
Execute           source /home/bollu/software/xilinx/Vivado/2017.4/common/technology/xilinx/interface/XilEDKCoreGen.gen 
Command           ap_source returned 0; 0.01 sec.
Execute           source /home/bollu/software/xilinx/Vivado/2017.4/common/technology/xilinx/ip/xfir.gen 
Command           ap_source returned 0; 0 sec.
Execute           source /home/bollu/software/xilinx/Vivado/2017.4/common/technology/xilinx/ip/xfft.gen 
Command           ap_source returned 0; 0.07 sec.
Execute           source /home/bollu/software/xilinx/Vivado/2017.4/common/technology/xilinx/ip/util.gen 
Command           ap_source returned 0; 0 sec.
Execute           source /home/bollu/software/xilinx/Vivado/2017.4/common/technology/xilinx/ip/dds_compiler.gen 
Command           ap_source returned 0; 0.01 sec.
Command         ap_source returned 0; 0.11 sec.
Execute         source /home/bollu/software/xilinx/Vivado/2017.4/common/technology/xilinx/common/dsp48.gen 
Command         ap_source returned 0; 0 sec.
Command       ap_source returned 0; 0.11 sec.
Command     ap_source returned 0; 0.11 sec.
Execute     source /home/bollu/software/xilinx/Vivado/2017.4/common/technology/xilinx/zynq/zynq_fpv6.gen 
Execute       source /home/bollu/software/xilinx/Vivado/2017.4/common/technology/xilinx/common/xilinx_fpv6.gen 
Command       ap_source returned 0; 0 sec.
Command     ap_source returned 0; 0 sec.
Execute     source /home/bollu/work/CuckooHashingHLS/hls/hashing/solution1/.autopilot/db/global.setting.tcl 
Command     ap_source returned 0; 0 sec.
Execute     source /home/bollu/work/CuckooHashingHLS/hls/hashing/solution1/.autopilot/db/global.setting.tcl 
Command     ap_source returned 0; 0 sec.
Execute     source /home/bollu/work/CuckooHashingHLS/hls/hashing/solution1/.autopilot/db/global.setting.tcl 
Command     ap_source returned 0; 0 sec.
Execute     source /home/bollu/software/xilinx/Vivado/2017.4/common/technology/generic/autopilot/common.gen 
Execute       source /home/bollu/software/xilinx/Vivado/2017.4/common/technology/generic/autopilot/APCoreGen.gen 
Command       ap_source returned 0; 0 sec.
Command     ap_source returned 0; 0 sec.
Execute     source /home/bollu/software/xilinx/Vivado/2017.4/common/technology/generic/autopilot/op.gen 
Command     ap_source returned 0; 0 sec.
Execute     source /home/bollu/software/xilinx/Vivado/2017.4/common/technology/generic/autopilot/op_simcore.gen 
Command     ap_source returned 0; 0 sec.
Execute     source /home/bollu/software/xilinx/Vivado/2017.4/common/technology/generic/autopilot/interface.gen 
Command     ap_source returned 0; 0 sec.
Execute     source /home/bollu/work/CuckooHashingHLS/hls/hashing/solution1/.autopilot/db/global.setting.tcl 
Command     ap_source returned 0; 0 sec.
Execute     source /home/bollu/software/xilinx/Vivado/2017.4/common/technology/xilinx/zynq/zynq.gen 
Execute       source /home/bollu/software/xilinx/Vivado/2017.4/common/technology/xilinx/common/virtex.gen 
Execute         source /home/bollu/software/xilinx/Vivado/2017.4/common/technology/xilinx/common/xilinx.gen 
Execute           source /home/bollu/software/xilinx/Vivado/2017.4/common/technology/xilinx/interface/plb46.gen 
Command           ap_source returned 0; 0 sec.
Execute           source /home/bollu/software/xilinx/Vivado/2017.4/common/technology/xilinx/interface/fsl.gen 
Command           ap_source returned 0; 0 sec.
Execute           source /home/bollu/software/xilinx/Vivado/2017.4/common/technology/xilinx/interface/axi4.gen 
Command           ap_source returned 0; 0 sec.
Execute           source /home/bollu/software/xilinx/Vivado/2017.4/common/technology/xilinx/interface/nativeAXI4.gen 
Execute             source /home/bollu/software/xilinx/Vivado/2017.4/common/technology/xilinx/interface/saxilite.gen 
Command             ap_source returned 0; 0 sec.
Execute             source /home/bollu/software/xilinx/Vivado/2017.4/common/technology/xilinx/interface/maxi.gen 
Command             ap_source returned 0; 0 sec.
Command           ap_source returned 0; 0 sec.
Execute           source /home/bollu/software/xilinx/Vivado/2017.4/common/technology/xilinx/scripts/xilinxcoregen.gen 
Command           ap_source returned 0; 0.01 sec.
Execute           source /home/bollu/software/xilinx/Vivado/2017.4/common/technology/xilinx/interface/XilEDKCoreGen.gen 
Command           ap_source returned 0; 0.01 sec.
Execute           source /home/bollu/software/xilinx/Vivado/2017.4/common/technology/xilinx/ip/xfir.gen 
Command           ap_source returned 0; 0 sec.
Execute           source /home/bollu/software/xilinx/Vivado/2017.4/common/technology/xilinx/ip/xfft.gen 
Command           ap_source returned 0; 0.07 sec.
Execute           source /home/bollu/software/xilinx/Vivado/2017.4/common/technology/xilinx/ip/util.gen 
Command           ap_source returned 0; 0 sec.
Execute           source /home/bollu/software/xilinx/Vivado/2017.4/common/technology/xilinx/ip/dds_compiler.gen 
Command           ap_source returned 0; 0 sec.
Command         ap_source returned 0; 0.09 sec.
Execute         source /home/bollu/software/xilinx/Vivado/2017.4/common/technology/xilinx/common/dsp48.gen 
Command         ap_source returned 0; 0 sec.
Command       ap_source returned 0; 0.09 sec.
Command     ap_source returned 0; 0.09 sec.
Execute     source /home/bollu/software/xilinx/Vivado/2017.4/common/technology/xilinx/zynq/zynq_fpv6.gen 
Execute       source /home/bollu/software/xilinx/Vivado/2017.4/common/technology/xilinx/common/xilinx_fpv6.gen 
Command       ap_source returned 0; 0 sec.
Command     ap_source returned 0; 0 sec.
Execute     source /home/bollu/work/CuckooHashingHLS/hls/hashing/solution1/.autopilot/db/global.setting.tcl 
Command     ap_source returned 0; 0 sec.
Execute     source /home/bollu/work/CuckooHashingHLS/hls/hashing/solution1/.autopilot/db/execute.compgen.tcl 
Command     ap_source returned 0; 0 sec.
Execute     source /home/bollu/work/CuckooHashingHLS/hls/hashing/solution1/.autopilot/db/traffic_generate_and_execute.compgen.tcl 
Command     ap_source returned 0; 0 sec.
Execute     source /home/bollu/work/CuckooHashingHLS/hls/hashing/solution1/.autopilot/db/global.setting.tcl 
Command     ap_source returned 0; 0 sec.
Execute     source /home/bollu/work/CuckooHashingHLS/hls/hashing/solution1/.autopilot/db/traffic_generate_and_execute.constraint.tcl 
Command     ap_source returned 0; 0 sec.
Execute     source /home/bollu/work/CuckooHashingHLS/hls/hashing/solution1/.autopilot/db/traffic_generate_and_execute.tbgen.tcl 
Command     ap_source returned 0; 0 sec.
Execute     source /home/bollu/work/CuckooHashingHLS/hls/hashing/solution1/.autopilot/db/global.setting.tcl 
Command     ap_source returned 0; 0 sec.
Execute     source /home/bollu/software/xilinx/Vivado/2017.4/common/technology/generic/autopilot/common.gen 
Execute       source /home/bollu/software/xilinx/Vivado/2017.4/common/technology/generic/autopilot/APCoreGen.gen 
Command       ap_source returned 0; 0.01 sec.
Command     ap_source returned 0; 0.01 sec.
Execute     source /home/bollu/software/xilinx/Vivado/2017.4/common/technology/generic/autopilot/op.gen 
Command     ap_source returned 0; 0 sec.
Execute     source /home/bollu/software/xilinx/Vivado/2017.4/common/technology/generic/autopilot/op_simcore.gen 
Command     ap_source returned 0; 0 sec.
Execute     source /home/bollu/software/xilinx/Vivado/2017.4/common/technology/generic/autopilot/interface.gen 
Command     ap_source returned 0; 0 sec.
Execute     source /home/bollu/work/CuckooHashingHLS/hls/hashing/solution1/.autopilot/db/global.setting.tcl 
Command     ap_source returned 0; 0 sec.
Execute     source /home/bollu/software/xilinx/Vivado/2017.4/common/technology/xilinx/zynq/zynq.gen 
Execute       source /home/bollu/software/xilinx/Vivado/2017.4/common/technology/xilinx/common/virtex.gen 
Execute         source /home/bollu/software/xilinx/Vivado/2017.4/common/technology/xilinx/common/xilinx.gen 
Execute           source /home/bollu/software/xilinx/Vivado/2017.4/common/technology/xilinx/interface/plb46.gen 
Command           ap_source returned 0; 0 sec.
Execute           source /home/bollu/software/xilinx/Vivado/2017.4/common/technology/xilinx/interface/fsl.gen 
Command           ap_source returned 0; 0 sec.
Execute           source /home/bollu/software/xilinx/Vivado/2017.4/common/technology/xilinx/interface/axi4.gen 
Command           ap_source returned 0; 0 sec.
Execute           source /home/bollu/software/xilinx/Vivado/2017.4/common/technology/xilinx/interface/nativeAXI4.gen 
Execute             source /home/bollu/software/xilinx/Vivado/2017.4/common/technology/xilinx/interface/saxilite.gen 
Command             ap_source returned 0; 0 sec.
Execute             source /home/bollu/software/xilinx/Vivado/2017.4/common/technology/xilinx/interface/maxi.gen 
Command             ap_source returned 0; 0 sec.
Command           ap_source returned 0; 0 sec.
Execute           source /home/bollu/software/xilinx/Vivado/2017.4/common/technology/xilinx/scripts/xilinxcoregen.gen 
Command           ap_source returned 0; 0.01 sec.
Execute           source /home/bollu/software/xilinx/Vivado/2017.4/common/technology/xilinx/interface/XilEDKCoreGen.gen 
Command           ap_source returned 0; 0.01 sec.
Execute           source /home/bollu/software/xilinx/Vivado/2017.4/common/technology/xilinx/ip/xfir.gen 
Command           ap_source returned 0; 0 sec.
Execute           source /home/bollu/software/xilinx/Vivado/2017.4/common/technology/xilinx/ip/xfft.gen 
Command           ap_source returned 0; 0.07 sec.
Execute           source /home/bollu/software/xilinx/Vivado/2017.4/common/technology/xilinx/ip/util.gen 
Command           ap_source returned 0; 0 sec.
Execute           source /home/bollu/software/xilinx/Vivado/2017.4/common/technology/xilinx/ip/dds_compiler.gen 
Command           ap_source returned 0; 0 sec.
Command         ap_source returned 0; 0.09 sec.
Execute         source /home/bollu/software/xilinx/Vivado/2017.4/common/technology/xilinx/common/dsp48.gen 
Command         ap_source returned 0; 0 sec.
Command       ap_source returned 0; 0.09 sec.
Command     ap_source returned 0; 0.09 sec.
Execute     source /home/bollu/software/xilinx/Vivado/2017.4/common/technology/xilinx/zynq/zynq_fpv6.gen 
Execute       source /home/bollu/software/xilinx/Vivado/2017.4/common/technology/xilinx/common/xilinx_fpv6.gen 
Command       ap_source returned 0; 0.01 sec.
Command     ap_source returned 0; 0.01 sec.
Execute     source /home/bollu/work/CuckooHashingHLS/hls/hashing/solution1/.autopilot/db/global.setting.tcl 
Command     ap_source returned 0; 0 sec.
Execute     source /home/bollu/work/CuckooHashingHLS/hls/hashing/solution1/.autopilot/db/global.setting.tcl 
Command     ap_source returned 0; 0 sec.
Execute     source /home/bollu/software/xilinx/Vivado/2017.4/common/technology/generic/autopilot/common.gen 
Execute       source /home/bollu/software/xilinx/Vivado/2017.4/common/technology/generic/autopilot/APCoreGen.gen 
Command       ap_source returned 0; 0 sec.
Command     ap_source returned 0; 0 sec.
Execute     source /home/bollu/software/xilinx/Vivado/2017.4/common/technology/generic/autopilot/op.gen 
Command     ap_source returned 0; 0 sec.
Execute     source /home/bollu/software/xilinx/Vivado/2017.4/common/technology/generic/autopilot/op_simcore.gen 
Command     ap_source returned 0; 0 sec.
Execute     source /home/bollu/software/xilinx/Vivado/2017.4/common/technology/generic/autopilot/interface.gen 
Command     ap_source returned 0; 0 sec.
Execute     source /home/bollu/work/CuckooHashingHLS/hls/hashing/solution1/.autopilot/db/global.setting.tcl 
Command     ap_source returned 0; 0 sec.
Execute     source /home/bollu/software/xilinx/Vivado/2017.4/common/technology/xilinx/zynq/zynq.gen 
Execute       source /home/bollu/software/xilinx/Vivado/2017.4/common/technology/xilinx/common/virtex.gen 
Execute         source /home/bollu/software/xilinx/Vivado/2017.4/common/technology/xilinx/common/xilinx.gen 
Execute           source /home/bollu/software/xilinx/Vivado/2017.4/common/technology/xilinx/interface/plb46.gen 
Command           ap_source returned 0; 0 sec.
Execute           source /home/bollu/software/xilinx/Vivado/2017.4/common/technology/xilinx/interface/fsl.gen 
Command           ap_source returned 0; 0 sec.
Execute           source /home/bollu/software/xilinx/Vivado/2017.4/common/technology/xilinx/interface/axi4.gen 
Command           ap_source returned 0; 0 sec.
Execute           source /home/bollu/software/xilinx/Vivado/2017.4/common/technology/xilinx/interface/nativeAXI4.gen 
Execute             source /home/bollu/software/xilinx/Vivado/2017.4/common/technology/xilinx/interface/saxilite.gen 
Command             ap_source returned 0; 0.01 sec.
Execute             source /home/bollu/software/xilinx/Vivado/2017.4/common/technology/xilinx/interface/maxi.gen 
Command             ap_source returned 0; 0 sec.
Command           ap_source returned 0; 0.01 sec.
Execute           source /home/bollu/software/xilinx/Vivado/2017.4/common/technology/xilinx/scripts/xilinxcoregen.gen 
Command           ap_source returned 0; 0.01 sec.
Execute           source /home/bollu/software/xilinx/Vivado/2017.4/common/technology/xilinx/interface/XilEDKCoreGen.gen 
Command           ap_source returned 0; 0 sec.
Execute           source /home/bollu/software/xilinx/Vivado/2017.4/common/technology/xilinx/ip/xfir.gen 
Command           ap_source returned 0; 0 sec.
Execute           source /home/bollu/software/xilinx/Vivado/2017.4/common/technology/xilinx/ip/xfft.gen 
Command           ap_source returned 0; 0.08 sec.
Execute           source /home/bollu/software/xilinx/Vivado/2017.4/common/technology/xilinx/ip/util.gen 
Command           ap_source returned 0; 0 sec.
Execute           source /home/bollu/software/xilinx/Vivado/2017.4/common/technology/xilinx/ip/dds_compiler.gen 
Command           ap_source returned 0; 0 sec.
Command         ap_source returned 0; 0.1 sec.
Execute         source /home/bollu/software/xilinx/Vivado/2017.4/common/technology/xilinx/common/dsp48.gen 
Command         ap_source returned 0; 0 sec.
Command       ap_source returned 0; 0.1 sec.
Command     ap_source returned 0; 0.1 sec.
Execute     source /home/bollu/software/xilinx/Vivado/2017.4/common/technology/xilinx/zynq/zynq_fpv6.gen 
Execute       source /home/bollu/software/xilinx/Vivado/2017.4/common/technology/xilinx/common/xilinx_fpv6.gen 
Command       ap_source returned 0; 0 sec.
Command     ap_source returned 0; 0 sec.
Execute     source /home/bollu/work/CuckooHashingHLS/hls/hashing/solution1/.autopilot/db/global.setting.tcl 
Command     ap_source returned 0; 0 sec.
Execute     source /home/bollu/work/CuckooHashingHLS/hls/hashing/solution1/.autopilot/db/global.setting.tcl 
Command     ap_source returned 0; 0 sec.
Execute     source /home/bollu/work/CuckooHashingHLS/hls/hashing/solution1/.autopilot/db/global.setting.tcl 
Command     ap_source returned 0; 0 sec.
Execute     source /home/bollu/software/xilinx/Vivado/2017.4/common/technology/generic/autopilot/common.gen 
Execute       source /home/bollu/software/xilinx/Vivado/2017.4/common/technology/generic/autopilot/APCoreGen.gen 
Command       ap_source returned 0; 0 sec.
Command     ap_source returned 0; 0 sec.
Execute     source /home/bollu/software/xilinx/Vivado/2017.4/common/technology/generic/autopilot/op.gen 
Command     ap_source returned 0; 0 sec.
Execute     source /home/bollu/software/xilinx/Vivado/2017.4/common/technology/generic/autopilot/op_simcore.gen 
Command     ap_source returned 0; 0 sec.
Execute     source /home/bollu/software/xilinx/Vivado/2017.4/common/technology/generic/autopilot/interface.gen 
Command     ap_source returned 0; 0 sec.
Execute     source /home/bollu/work/CuckooHashingHLS/hls/hashing/solution1/.autopilot/db/global.setting.tcl 
Command     ap_source returned 0; 0 sec.
Execute     source /home/bollu/software/xilinx/Vivado/2017.4/common/technology/xilinx/zynq/zynq.gen 
Execute       source /home/bollu/software/xilinx/Vivado/2017.4/common/technology/xilinx/common/virtex.gen 
Execute         source /home/bollu/software/xilinx/Vivado/2017.4/common/technology/xilinx/common/xilinx.gen 
Execute           source /home/bollu/software/xilinx/Vivado/2017.4/common/technology/xilinx/interface/plb46.gen 
Command           ap_source returned 0; 0 sec.
Execute           source /home/bollu/software/xilinx/Vivado/2017.4/common/technology/xilinx/interface/fsl.gen 
Command           ap_source returned 0; 0 sec.
Execute           source /home/bollu/software/xilinx/Vivado/2017.4/common/technology/xilinx/interface/axi4.gen 
Command           ap_source returned 0; 0.01 sec.
Execute           source /home/bollu/software/xilinx/Vivado/2017.4/common/technology/xilinx/interface/nativeAXI4.gen 
Execute             source /home/bollu/software/xilinx/Vivado/2017.4/common/technology/xilinx/interface/saxilite.gen 
Command             ap_source returned 0; 0 sec.
Execute             source /home/bollu/software/xilinx/Vivado/2017.4/common/technology/xilinx/interface/maxi.gen 
Command             ap_source returned 0; 0.01 sec.
Command           ap_source returned 0; 0.01 sec.
Execute           source /home/bollu/software/xilinx/Vivado/2017.4/common/technology/xilinx/scripts/xilinxcoregen.gen 
Command           ap_source returned 0; 0 sec.
Execute           source /home/bollu/software/xilinx/Vivado/2017.4/common/technology/xilinx/interface/XilEDKCoreGen.gen 
Command           ap_source returned 0; 0.01 sec.
Execute           source /home/bollu/software/xilinx/Vivado/2017.4/common/technology/xilinx/ip/xfir.gen 
Command           ap_source returned 0; 0 sec.
Execute           source /home/bollu/software/xilinx/Vivado/2017.4/common/technology/xilinx/ip/xfft.gen 
Command           ap_source returned 0; 0.07 sec.
Execute           source /home/bollu/software/xilinx/Vivado/2017.4/common/technology/xilinx/ip/util.gen 
Command           ap_source returned 0; 0 sec.
Execute           source /home/bollu/software/xilinx/Vivado/2017.4/common/technology/xilinx/ip/dds_compiler.gen 
Command           ap_source returned 0; 0.01 sec.
Command         ap_source returned 0; 0.11 sec.
Execute         source /home/bollu/software/xilinx/Vivado/2017.4/common/technology/xilinx/common/dsp48.gen 
Command         ap_source returned 0; 0 sec.
Command       ap_source returned 0; 0.11 sec.
Command     ap_source returned 0; 0.11 sec.
Execute     source /home/bollu/software/xilinx/Vivado/2017.4/common/technology/xilinx/zynq/zynq_fpv6.gen 
Execute       source /home/bollu/software/xilinx/Vivado/2017.4/common/technology/xilinx/common/xilinx_fpv6.gen 
Command       ap_source returned 0; 0 sec.
Command     ap_source returned 0; 0 sec.
Execute     source /home/bollu/work/CuckooHashingHLS/hls/hashing/solution1/.autopilot/db/global.setting.tcl 
Command     ap_source returned 0; 0 sec.
Execute     source /home/bollu/work/CuckooHashingHLS/hls/hashing/solution1/.autopilot/db/execute.compgen.tcl 
Command     ap_source returned 0; 0 sec.
Execute     source /home/bollu/work/CuckooHashingHLS/hls/hashing/solution1/.autopilot/db/traffic_generate_and_execute.compgen.tcl 
Command     ap_source returned 0; 0 sec.
Execute     source /home/bollu/work/CuckooHashingHLS/hls/hashing/solution1/.autopilot/db/global.setting.tcl 
Command     ap_source returned 0; 0 sec.
Execute     source /home/bollu/work/CuckooHashingHLS/hls/hashing/solution1/.autopilot/db/traffic_generate_and_execute.constraint.tcl 
Command     ap_source returned 0; 0 sec.
Execute     source /home/bollu/work/CuckooHashingHLS/hls/hashing/solution1/.autopilot/db/traffic_generate_and_execute.tbgen.tcl 
Command     ap_source returned 0; 0 sec.
Execute     source /home/bollu/work/CuckooHashingHLS/hls/hashing/solution1/.autopilot/db/global.setting.tcl 
Command     ap_source returned 0; 0 sec.
Execute     source /home/bollu/software/xilinx/Vivado/2017.4/common/technology/generic/autopilot/common.gen 
Execute       source /home/bollu/software/xilinx/Vivado/2017.4/common/technology/generic/autopilot/APCoreGen.gen 
Command       ap_source returned 0; 0.01 sec.
Command     ap_source returned 0; 0.01 sec.
Execute     source /home/bollu/software/xilinx/Vivado/2017.4/common/technology/generic/autopilot/op.gen 
Command     ap_source returned 0; 0 sec.
Execute     source /home/bollu/software/xilinx/Vivado/2017.4/common/technology/generic/autopilot/op_simcore.gen 
Command     ap_source returned 0; 0 sec.
Execute     source /home/bollu/software/xilinx/Vivado/2017.4/common/technology/generic/autopilot/interface.gen 
Command     ap_source returned 0; 0 sec.
Execute     source /home/bollu/work/CuckooHashingHLS/hls/hashing/solution1/.autopilot/db/global.setting.tcl 
Command     ap_source returned 0; 0 sec.
Execute     source /home/bollu/software/xilinx/Vivado/2017.4/common/technology/xilinx/zynq/zynq.gen 
Execute       source /home/bollu/software/xilinx/Vivado/2017.4/common/technology/xilinx/common/virtex.gen 
Execute         source /home/bollu/software/xilinx/Vivado/2017.4/common/technology/xilinx/common/xilinx.gen 
Execute           source /home/bollu/software/xilinx/Vivado/2017.4/common/technology/xilinx/interface/plb46.gen 
Command           ap_source returned 0; 0 sec.
Execute           source /home/bollu/software/xilinx/Vivado/2017.4/common/technology/xilinx/interface/fsl.gen 
Command           ap_source returned 0; 0 sec.
Execute           source /home/bollu/software/xilinx/Vivado/2017.4/common/technology/xilinx/interface/axi4.gen 
Command           ap_source returned 0; 0 sec.
Execute           source /home/bollu/software/xilinx/Vivado/2017.4/common/technology/xilinx/interface/nativeAXI4.gen 
Execute             source /home/bollu/software/xilinx/Vivado/2017.4/common/technology/xilinx/interface/saxilite.gen 
Command             ap_source returned 0; 0 sec.
Execute             source /home/bollu/software/xilinx/Vivado/2017.4/common/technology/xilinx/interface/maxi.gen 
Command             ap_source returned 0; 0 sec.
Command           ap_source returned 0; 0 sec.
Execute           source /home/bollu/software/xilinx/Vivado/2017.4/common/technology/xilinx/scripts/xilinxcoregen.gen 
Command           ap_source returned 0; 0.01 sec.
Execute           source /home/bollu/software/xilinx/Vivado/2017.4/common/technology/xilinx/interface/XilEDKCoreGen.gen 
Command           ap_source returned 0; 0.01 sec.
Execute           source /home/bollu/software/xilinx/Vivado/2017.4/common/technology/xilinx/ip/xfir.gen 
Command           ap_source returned 0; 0 sec.
Execute           source /home/bollu/software/xilinx/Vivado/2017.4/common/technology/xilinx/ip/xfft.gen 
Command           ap_source returned 0; 0.07 sec.
Execute           source /home/bollu/software/xilinx/Vivado/2017.4/common/technology/xilinx/ip/util.gen 
Command           ap_source returned 0; 0 sec.
Execute           source /home/bollu/software/xilinx/Vivado/2017.4/common/technology/xilinx/ip/dds_compiler.gen 
Command           ap_source returned 0; 0 sec.
Command         ap_source returned 0; 0.09 sec.
Execute         source /home/bollu/software/xilinx/Vivado/2017.4/common/technology/xilinx/common/dsp48.gen 
Command         ap_source returned 0; 0 sec.
Command       ap_source returned 0; 0.09 sec.
Command     ap_source returned 0; 0.09 sec.
Execute     source /home/bollu/software/xilinx/Vivado/2017.4/common/technology/xilinx/zynq/zynq_fpv6.gen 
Execute       source /home/bollu/software/xilinx/Vivado/2017.4/common/technology/xilinx/common/xilinx_fpv6.gen 
Command       ap_source returned 0; 0.01 sec.
Command     ap_source returned 0; 0.01 sec.
Execute     source /home/bollu/work/CuckooHashingHLS/hls/hashing/solution1/.autopilot/db/global.setting.tcl 
Command     ap_source returned 0; 0 sec.
Command   export_design returned 0; 36.84 sec.
Command ap_source returned 0; 37.01 sec.
Execute cleanup_all 
Command cleanup_all returned 0; 0 sec.
