

================================================================
== Vivado HLS Report for 'execute'
================================================================
* Date:           Tue Dec  4 12:54:27 2018

* Version:        2017.4 (Build 2086221 on Fri Dec 15 21:13:33 MST 2017)
* Project:        hashing
* Solution:       solution1
* Product family: zynq
* Target device:  xc7z020clg484-1


================================================================
== Performance Estimates
================================================================
+ Timing (ns): 
    * Summary: 
    +--------+-------+----------+------------+
    |  Clock | Target| Estimated| Uncertainty|
    +--------+-------+----------+------------+
    |ap_clk  |  10.00|      5.73|        1.25|
    +--------+-------+----------+------------+

+ Latency (clock cycles): 
    * Summary: 
    +-----+-----+-----+-----+---------+
    |  Latency  |  Interval | Pipeline|
    | min | max | min | max |   Type  |
    +-----+-----+-----+-----+---------+
    |    2|    2|    2|    2|   none  |
    +-----+-----+-----+-----+---------+

    + Detail: 
        * Instance: 
        N/A

        * Loop: 
        N/A

============================================================
+ Verbose Summary: Synthesis Manager
============================================================
InlineROM: 1
ExposeGlobal: 0
============================================================
+ Verbose Summary: CDFG Model
============================================================
IsTopModel: 0
ResetActiveHigh: 1
IsCombinational: 0
IsDatapathOnly: 0
HasWiredReturn: 1
HasMFsm: 0
HasVarLatency: 1
IsPipeline: 0
IsRtlPipelined: 0
IsInstanceOverlapped: 0
IsDontTouch: 0
HasImplIP: 0
IsGatedGlobalClock: 0


============================================================
+ Verbose Summary: Schedule
============================================================
* Number of FSM states : 3
* Pipeline : 0
* Dataflow Pipeline: 0

* FSM state transitions: 
1 --> 
	2  / true
2 --> 
	3  / true
3 --> 

* FSM state operations: 

 <State 1> : 3.25ns
ST_1 : Operation 4 [1/1] (0.00ns)   --->   "%key_to_metadata_occu_2 = getelementptr [384 x i1]* %key_to_metadata_occu, i64 0, i64 134" [hashing/execute.cpp:208]
ST_1 : Operation 5 [2/2] (3.25ns)   --->   "%key_to_metadata_occu_3 = load i1* %key_to_metadata_occu_2, align 1" [hashing/execute.cpp:208]   --->   Core 44 'RAM_1P_BRAM' <Latency = 1> <II = 1> <Delay = 3.25> <Storage> <Opcode : 'load' 'store'> <Ports = 1> <Width = 1> <Depth = 384> <RAM>

 <State 2> : 3.25ns
ST_2 : Operation 6 [1/1] (0.00ns)   --->   "%key_to_metadata_key_s = getelementptr [384 x i32]* %key_to_metadata_key, i64 0, i64 134" [hashing/execute.cpp:208]
ST_2 : Operation 7 [1/1] (0.00ns)   --->   "call void (...)* @_ssdm_op_SpecMemCore([384 x i32]* %key_to_metadata_key, [384 x i1]* %key_to_metadata_occu, [1 x i8]* @p_str3, [12 x i8]* @p_str4, [1 x i8]* @p_str3, i32 -1, [1 x i8]* @p_str3, [1 x i8]* @p_str3, [1 x i8]* @p_str3, [1 x i8]* @p_str3, [1 x i8]* @p_str3)"
ST_2 : Operation 8 [1/1] (0.00ns)   --->   "call void (...)* @_ssdm_op_SpecInterface([384 x i32]* %key_to_metadata_key, [384 x i1]* %key_to_metadata_occu, [10 x i8]* @p_str5, i32 0, i32 0, [1 x i8]* @p_str3, i32 0, i32 0, [1 x i8]* @p_str3, [1 x i8]* @p_str3, [1 x i8]* @p_str3, i32 0, i32 0, i32 0, i32 0, [1 x i8]* @p_str3, [1 x i8]* @p_str3)"
ST_2 : Operation 9 [1/2] (3.25ns)   --->   "%key_to_metadata_occu_3 = load i1* %key_to_metadata_occu_2, align 1" [hashing/execute.cpp:208]   --->   Core 44 'RAM_1P_BRAM' <Latency = 1> <II = 1> <Delay = 3.25> <Storage> <Opcode : 'load' 'store'> <Ports = 1> <Width = 1> <Depth = 384> <RAM>
ST_2 : Operation 10 [1/1] (0.00ns)   --->   "br i1 %key_to_metadata_occu_3, label %1, label %._crit_edge1" [hashing/execute.cpp:208]
ST_2 : Operation 11 [2/2] (3.25ns)   --->   "%key_to_metadata_key_1 = load i32* %key_to_metadata_key_s, align 4" [hashing/execute.cpp:208]   --->   Core 44 'RAM_1P_BRAM' <Latency = 1> <II = 1> <Delay = 3.25> <Storage> <Opcode : 'load' 'store'> <Ports = 1> <Width = 1> <Depth = 384> <RAM>

 <State 3> : 5.73ns
ST_3 : Operation 12 [1/2] (3.25ns)   --->   "%key_to_metadata_key_1 = load i32* %key_to_metadata_key_s, align 4" [hashing/execute.cpp:208]   --->   Core 44 'RAM_1P_BRAM' <Latency = 1> <II = 1> <Delay = 3.25> <Storage> <Opcode : 'load' 'store'> <Ports = 1> <Width = 1> <Depth = 384> <RAM>
ST_3 : Operation 13 [1/1] (2.47ns)   --->   "%tmp_9 = icmp eq i32 %key_to_metadata_key_1, 4" [hashing/execute.cpp:208]   --->   Core 25 'Cmp' <Latency = 0> <II = 1> <Delay = 2.47> <FuncUnit> <Opcode : 'icmp'> <InPorts = 2> <OutPorts = 1>
ST_3 : Operation 14 [1/1] (0.00ns)   --->   "br i1 %tmp_9, label %2, label %._crit_edge1" [hashing/execute.cpp:208]
ST_3 : Operation 15 [1/1] (1.76ns)   --->   "br label %._crit_edge" [hashing/execute.cpp:211]
ST_3 : Operation 16 [1/1] (3.25ns)   --->   "store i1 false, i1* %key_to_metadata_occu_2, align 1" [hashing/execute.cpp:218]   --->   Core 44 'RAM_1P_BRAM' <Latency = 1> <II = 1> <Delay = 3.25> <Storage> <Opcode : 'load' 'store'> <Ports = 1> <Width = 1> <Depth = 384> <RAM>
ST_3 : Operation 17 [1/1] (1.76ns)   --->   "br label %._crit_edge" [hashing/execute.cpp:220]
ST_3 : Operation 18 [1/1] (0.00ns)   --->   "%agg_result_delete_el = phi i1 [ false, %2 ], [ true, %._crit_edge1 ]"
ST_3 : Operation 19 [1/1] (0.00ns)   --->   "ret i1 %agg_result_delete_el"


============================================================
+ Verbose Summary: Timing violations
============================================================
Target clock period: 10ns, clock uncertainty: 1.25ns.

 <State 1>: 3.25ns
The critical path consists of the following:
	'getelementptr' operation ('key_to_metadata_occu_2', hashing/execute.cpp:208) [4]  (0 ns)
	'load' operation ('key_to_metadata_occu_3', hashing/execute.cpp:208) on array 'key_to_metadata_occu' [7]  (3.25 ns)

 <State 2>: 3.25ns
The critical path consists of the following:
	'getelementptr' operation ('key_to_metadata_key_s', hashing/execute.cpp:208) [3]  (0 ns)
	'load' operation ('key_to_metadata_key_1', hashing/execute.cpp:208) on array 'key_to_metadata_key' [10]  (3.25 ns)

 <State 3>: 5.73ns
The critical path consists of the following:
	'load' operation ('key_to_metadata_key_1', hashing/execute.cpp:208) on array 'key_to_metadata_key' [10]  (3.25 ns)
	'icmp' operation ('tmp_9', hashing/execute.cpp:208) [11]  (2.47 ns)


============================================================
+ Verbose Summary: Binding
============================================================
N/A
* FSMD analyzer results:
  - Output states:
 - Input state : 
  - Chain level:
	State 1
	State 2
	State 3


============================================================
+ Verbose Summary: Datapath Resource usage 
============================================================
N/A
