

================================================================
== Vivado HLS Report for 'jenkins_one_at_a_time'
================================================================
* Date:           Thu Oct 18 22:13:48 2018

* Version:        2017.4 (Build 2086221 on Fri Dec 15 21:13:33 MST 2017)
* Project:        hashing
* Solution:       solution1
* Product family: zynq
* Target device:  xc7z020clg484-1


================================================================
== Performance Estimates
================================================================
+ Timing (ns): 
    * Summary: 
    +--------+-------+----------+------------+
    |  Clock | Target| Estimated| Uncertainty|
    +--------+-------+----------+------------+
    |ap_clk  |  10.00|      5.96|        1.25|
    +--------+-------+----------+------------+

+ Latency (clock cycles): 
    * Summary: 
    +-----+-----+-----+-----+---------+
    |  Latency  |  Interval | Pipeline|
    | min | max | min | max |   Type  |
    +-----+-----+-----+-----+---------+
    |    ?|    ?|    ?|    ?|   none  |
    +-----+-----+-----+-----+---------+

    + Detail: 
        * Instance: 
        N/A

        * Loop: 
        +----------+-----+-----+----------+-----------+-----------+------+----------+
        |          |  Latency  | Iteration|  Initiation Interval  | Trip |          |
        | Loop Name| min | max |  Latency |  achieved |   target  | Count| Pipelined|
        +----------+-----+-----+----------+-----------+-----------+------+----------+
        |- Loop 1  |    ?|    ?|         3|          -|          -|     ?|    no    |
        +----------+-----+-----+----------+-----------+-----------+------+----------+

============================================================
+ Verbose Summary: Synthesis Manager
============================================================
InlineROM: 1
ExposeGlobal: 0
============================================================
+ Verbose Summary: CDFG Model
============================================================
IsTopModel: 1
ResetActiveHigh: 1
IsCombinational: 0
IsDatapathOnly: 0
HasWiredReturn: 1
HasMFsm: 0
HasVarLatency: 1
IsPipeline: 0
IsRtlPipelined: 0
IsInstanceOverlapped: 0
IsDontTouch: 0
HasImplIP: 0
IsGatedGlobalClock: 0


============================================================
+ Verbose Summary: Schedule
============================================================
* Number of FSM states : 4
* Pipeline : 0
* Dataflow Pipeline: 0

* FSM state transitions: 
1 --> 
	2  / true
2 --> 
	3  / (!tmp)
3 --> 
	4  / true
4 --> 
	2  / true

* FSM state operations: 

 <State 1> : 1.77ns
ST_1 : Operation 5 [1/1] (0.00ns)   --->   "call void (...)* @_ssdm_op_SpecBitsMap(i32 %length_r) nounwind, !map !7"
ST_1 : Operation 6 [1/1] (0.00ns)   --->   "call void (...)* @_ssdm_op_SpecBitsMap([1000 x i8]* %key) nounwind, !map !13"
ST_1 : Operation 7 [1/1] (0.00ns)   --->   "call void (...)* @_ssdm_op_SpecBitsMap(i32 0) nounwind, !map !19"
ST_1 : Operation 8 [1/1] (0.00ns)   --->   "call void (...)* @_ssdm_op_SpecTopModule([22 x i8]* @jenkins_one_at_a_tim) nounwind"
ST_1 : Operation 9 [1/1] (0.00ns)   --->   "%length_read = call i32 @_ssdm_op_Read.ap_auto.i32(i32 %length_r) nounwind"
ST_1 : Operation 10 [1/1] (1.76ns)   --->   "br label %1" [hashing/jenkins_hash.c:11]

 <State 2> : 5.96ns
ST_2 : Operation 11 [1/1] (0.00ns)   --->   "%i = phi i32 [ 0, %0 ], [ %i_1, %2 ]"
ST_2 : Operation 12 [1/1] (0.00ns)   --->   "%hash = phi i32 [ 0, %0 ], [ %hash_6, %2 ]"
ST_2 : Operation 13 [1/1] (2.47ns)   --->   "%tmp = icmp eq i32 %i, %length_read" [hashing/jenkins_hash.c:11]   --->   Core 25 'Cmp' <Latency = 0> <II = 1> <Delay = 2.47> <FuncUnit> <Opcode : 'icmp'> <InPorts = 2> <OutPorts = 1>
ST_2 : Operation 14 [1/1] (2.55ns)   --->   "%i_1 = add nsw i32 %i, 1" [hashing/jenkins_hash.c:13]   --->   Core 14 'AddSub' <Latency = 0> <II = 1> <Delay = 2.55> <FuncUnit> <Opcode : 'add' 'sub'> <InPorts = 2> <OutPorts = 1>
ST_2 : Operation 15 [1/1] (0.00ns)   --->   "br i1 %tmp, label %3, label %2" [hashing/jenkins_hash.c:11]
ST_2 : Operation 16 [1/1] (0.00ns)   --->   "%tmp_8 = sext i32 %i to i64" [hashing/jenkins_hash.c:13]
ST_2 : Operation 17 [1/1] (0.00ns)   --->   "%key_addr = getelementptr [1000 x i8]* %key, i64 0, i64 %tmp_8" [hashing/jenkins_hash.c:13]
ST_2 : Operation 18 [2/2] (3.25ns)   --->   "%key_load = load i8* %key_addr, align 1" [hashing/jenkins_hash.c:13]   --->   Core 37 'RAM' <Latency = 1> <II = 1> <Delay = 3.25> <Storage> <Opcode : 'load' 'store'> <Ports = 2> <Width = 8> <Depth = 1000> <RAM>
ST_2 : Operation 19 [1/1] (0.00ns) (grouped into LUT with out node hash_1)   --->   "%tmp_1 = shl i32 %hash, 3" [hashing/jenkins_hash.c:18]
ST_2 : Operation 20 [1/1] (2.55ns) (out node of the LUT)   --->   "%hash_1 = add i32 %hash, %tmp_1" [hashing/jenkins_hash.c:18]   --->   Core 14 'AddSub' <Latency = 0> <II = 1> <Delay = 2.55> <FuncUnit> <Opcode : 'add' 'sub'> <InPorts = 2> <OutPorts = 1>
ST_2 : Operation 21 [1/1] (0.00ns)   --->   "%tmp_3 = call i21 @_ssdm_op_PartSelect.i21.i32.i32.i32(i32 %hash_1, i32 11, i32 31)" [hashing/jenkins_hash.c:19]
ST_2 : Operation 22 [1/1] (0.00ns)   --->   "%tmp_6 = zext i21 %tmp_3 to i32" [hashing/jenkins_hash.c:19]
ST_2 : Operation 23 [1/1] (0.86ns)   --->   "%hash_2 = xor i32 %tmp_6, %hash_1" [hashing/jenkins_hash.c:19]   --->   Core 27 'LogicGate' <Latency = 0> <II = 1> <Delay = 0.86> <FuncUnit> <Opcode : 'and' 'or' 'xor'> <InPorts = 2> <OutPorts = 1>
ST_2 : Operation 24 [1/1] (0.00ns) (grouped into LUT with out node hash_3)   --->   "%tmp_4 = shl i32 %hash_2, 15" [hashing/jenkins_hash.c:20]
ST_2 : Operation 25 [1/1] (2.55ns) (out node of the LUT)   --->   "%hash_3 = add i32 %hash_2, %tmp_4" [hashing/jenkins_hash.c:20]   --->   Core 14 'AddSub' <Latency = 0> <II = 1> <Delay = 2.55> <FuncUnit> <Opcode : 'add' 'sub'> <InPorts = 2> <OutPorts = 1>
ST_2 : Operation 26 [1/1] (0.00ns)   --->   "ret i32 %hash_3" [hashing/jenkins_hash.c:22]

 <State 3> : 5.81ns
ST_3 : Operation 27 [1/2] (3.25ns)   --->   "%key_load = load i8* %key_addr, align 1" [hashing/jenkins_hash.c:13]   --->   Core 37 'RAM' <Latency = 1> <II = 1> <Delay = 3.25> <Storage> <Opcode : 'load' 'store'> <Ports = 2> <Width = 8> <Depth = 1000> <RAM>
ST_3 : Operation 28 [1/1] (0.00ns)   --->   "%tmp_9 = sext i8 %key_load to i32" [hashing/jenkins_hash.c:13]
ST_3 : Operation 29 [1/1] (2.55ns)   --->   "%hash_4 = add i32 %tmp_9, %hash" [hashing/jenkins_hash.c:13]   --->   Core 14 'AddSub' <Latency = 0> <II = 1> <Delay = 2.55> <FuncUnit> <Opcode : 'add' 'sub'> <InPorts = 2> <OutPorts = 1>

 <State 4> : 3.41ns
ST_4 : Operation 30 [1/1] (0.00ns) (grouped into LUT with out node hash_5)   --->   "%tmp_5 = shl i32 %hash_4, 10" [hashing/jenkins_hash.c:14]
ST_4 : Operation 31 [1/1] (2.55ns) (out node of the LUT)   --->   "%hash_5 = add i32 %hash_4, %tmp_5" [hashing/jenkins_hash.c:14]   --->   Core 14 'AddSub' <Latency = 0> <II = 1> <Delay = 2.55> <FuncUnit> <Opcode : 'add' 'sub'> <InPorts = 2> <OutPorts = 1>
ST_4 : Operation 32 [1/1] (0.00ns)   --->   "%tmp_2 = call i26 @_ssdm_op_PartSelect.i26.i32.i32.i32(i32 %hash_5, i32 6, i32 31)" [hashing/jenkins_hash.c:15]
ST_4 : Operation 33 [1/1] (0.00ns)   --->   "%tmp_s = zext i26 %tmp_2 to i32" [hashing/jenkins_hash.c:15]
ST_4 : Operation 34 [1/1] (0.86ns)   --->   "%hash_6 = xor i32 %tmp_s, %hash_5" [hashing/jenkins_hash.c:15]   --->   Core 27 'LogicGate' <Latency = 0> <II = 1> <Delay = 0.86> <FuncUnit> <Opcode : 'and' 'or' 'xor'> <InPorts = 2> <OutPorts = 1>
ST_4 : Operation 35 [1/1] (0.00ns)   --->   "br label %1" [hashing/jenkins_hash.c:16]


============================================================
+ Verbose Summary: Binding
============================================================
STG Binding: 
---------------- STG Properties BEGIN ----------------
- Is combinational: 0
- Is one-state seq: 0
- Is datapath-only: 0
- Is pipelined: 0
- Is top level: 1
Port [ Return ] is wired: 1; IO mode=ap_ctrl_hs:ce=0
Port [ length_r]:  wired=1; compound=0; hidden=0; nouse=0; global=0; static=0; extern=0; dir=0; type=0; pingpong=0; private_global=0; IO mode=ap_none:ce=0
Port [ key]:  wired=1; compound=1; hidden=0; nouse=0; global=0; static=0; extern=0; dir=0; type=1; pingpong=0; private_global=0; MemPort=[13]; IO mode=ap_memory:ce=0
---------------- STG Properties END ------------------

---------------- Datapath Model BEGIN ----------------

<LifeTime>
<method=bitvector/>
StgValue_5  (specbitsmap  ) [ 00000]
StgValue_6  (specbitsmap  ) [ 00000]
StgValue_7  (specbitsmap  ) [ 00000]
StgValue_8  (spectopmodule) [ 00000]
length_read (read         ) [ 00111]
StgValue_10 (br           ) [ 01111]
i           (phi          ) [ 00100]
hash        (phi          ) [ 00110]
tmp         (icmp         ) [ 00111]
i_1         (add          ) [ 01111]
StgValue_15 (br           ) [ 00000]
tmp_8       (sext         ) [ 00000]
key_addr    (getelementptr) [ 00010]
tmp_1       (shl          ) [ 00000]
hash_1      (add          ) [ 00000]
tmp_3       (partselect   ) [ 00000]
tmp_6       (zext         ) [ 00000]
hash_2      (xor          ) [ 00000]
tmp_4       (shl          ) [ 00000]
hash_3      (add          ) [ 00000]
StgValue_26 (ret          ) [ 00000]
key_load    (load         ) [ 00000]
tmp_9       (sext         ) [ 00000]
hash_4      (add          ) [ 00001]
tmp_5       (shl          ) [ 00000]
hash_5      (add          ) [ 00000]
tmp_2       (partselect   ) [ 00000]
tmp_s       (zext         ) [ 00000]
hash_6      (xor          ) [ 01111]
StgValue_35 (br           ) [ 01111]
</LifeTime>

<model>

<comp_list>
<comp id="0" class="1000" name="length_r">
<pin_list>
<pin id="1" dir="1" index="0" bw="1" slack="0"/>
</pin_list>
<bind>
<StgValue><ssdm name="length_r"/></StgValue>
</bind>
</comp>

<comp id="2" class="1000" name="key">
<pin_list>
<pin id="3" dir="1" index="0" bw="1" slack="0"/>
</pin_list>
<bind>
<StgValue><ssdm name="key"/><MemPortTyVec>1 3 </MemPortTyVec>
</StgValue>
</bind>
</comp>

<comp id="4" class="1001" name="const_4">
<pin_list>
<pin id="5" dir="1" index="0" bw="1" slack="2147483647"/>
</pin_list>
<bind>
<StgValue><ssdm name="_ssdm_op_SpecBitsMap"/></StgValue>
</bind>
</comp>

<comp id="6" class="1001" name="const_6">
<pin_list>
<pin id="7" dir="1" index="0" bw="1" slack="1"/>
</pin_list>
<bind>
<StgValue><ssdm name=""/></StgValue>
</bind>
</comp>

<comp id="8" class="1001" name="const_8">
<pin_list>
<pin id="9" dir="1" index="0" bw="1" slack="2147483647"/>
</pin_list>
<bind>
<StgValue><ssdm name="_ssdm_op_SpecTopModule"/></StgValue>
</bind>
</comp>

<comp id="10" class="1001" name="const_10">
<pin_list>
<pin id="11" dir="1" index="0" bw="1" slack="2147483647"/>
</pin_list>
<bind>
<StgValue><ssdm name="jenkins_one_at_a_tim"/></StgValue>
</bind>
</comp>

<comp id="12" class="1001" name="const_12">
<pin_list>
<pin id="13" dir="1" index="0" bw="1" slack="0"/>
</pin_list>
<bind>
<StgValue><ssdm name="_ssdm_op_Read.ap_auto.i32"/></StgValue>
</bind>
</comp>

<comp id="14" class="1001" name="const_14">
<pin_list>
<pin id="15" dir="1" index="0" bw="1" slack="0"/>
</pin_list>
<bind>
<StgValue><ssdm name=""/></StgValue>
</bind>
</comp>

<comp id="16" class="1001" name="const_16">
<pin_list>
<pin id="17" dir="1" index="0" bw="1" slack="0"/>
</pin_list>
<bind>
<StgValue><ssdm name=""/></StgValue>
</bind>
</comp>

<comp id="18" class="1001" name="const_18">
<pin_list>
<pin id="19" dir="1" index="0" bw="1" slack="0"/>
</pin_list>
<bind>
<StgValue><ssdm name=""/></StgValue>
</bind>
</comp>

<comp id="20" class="1001" name="const_20">
<pin_list>
<pin id="21" dir="1" index="0" bw="1" slack="0"/>
</pin_list>
<bind>
<StgValue><ssdm name="_ssdm_op_PartSelect.i21.i32.i32.i32"/></StgValue>
</bind>
</comp>

<comp id="22" class="1001" name="const_22">
<pin_list>
<pin id="23" dir="1" index="0" bw="1" slack="0"/>
</pin_list>
<bind>
<StgValue><ssdm name=""/></StgValue>
</bind>
</comp>

<comp id="24" class="1001" name="const_24">
<pin_list>
<pin id="25" dir="1" index="0" bw="1" slack="0"/>
</pin_list>
<bind>
<StgValue><ssdm name=""/></StgValue>
</bind>
</comp>

<comp id="26" class="1001" name="const_26">
<pin_list>
<pin id="27" dir="1" index="0" bw="1" slack="0"/>
</pin_list>
<bind>
<StgValue><ssdm name=""/></StgValue>
</bind>
</comp>

<comp id="28" class="1001" name="const_28">
<pin_list>
<pin id="29" dir="1" index="0" bw="1" slack="0"/>
</pin_list>
<bind>
<StgValue><ssdm name=""/></StgValue>
</bind>
</comp>

<comp id="30" class="1001" name="const_30">
<pin_list>
<pin id="31" dir="1" index="0" bw="1" slack="0"/>
</pin_list>
<bind>
<StgValue><ssdm name="_ssdm_op_PartSelect.i26.i32.i32.i32"/></StgValue>
</bind>
</comp>

<comp id="32" class="1001" name="const_32">
<pin_list>
<pin id="33" dir="1" index="0" bw="1" slack="0"/>
</pin_list>
<bind>
<StgValue><ssdm name=""/></StgValue>
</bind>
</comp>

<comp id="34" class="1004" name="length_read_read_fu_34">
<pin_list>
<pin id="35" dir="0" index="0" bw="32" slack="0"/>
<pin id="36" dir="0" index="1" bw="32" slack="0"/>
<pin id="37" dir="1" index="2" bw="32" slack="1"/>
</pin_list>
<bind>
<opcode="read(1150) " fcode="read"/>
<opset="length_read/1 "/>
</bind>
</comp>

<comp id="40" class="1004" name="key_addr_gep_fu_40">
<pin_list>
<pin id="41" dir="0" index="0" bw="8" slack="0"/>
<pin id="42" dir="0" index="1" bw="1" slack="0"/>
<pin id="43" dir="0" index="2" bw="32" slack="0"/>
<pin id="44" dir="1" index="3" bw="10" slack="0"/>
</pin_list>
<bind>
<opcode="getelementptr(29) " fcode="getelementptr"/>
<opset="key_addr/2 "/>
</bind>
</comp>

<comp id="47" class="1004" name="grp_access_fu_47">
<pin_list>
<pin id="48" dir="0" index="0" bw="10" slack="0"/>
<pin id="49" dir="0" index="1" bw="8" slack="2147483647"/>
<pin id="50" dir="1" index="2" bw="8" slack="0"/>
</pin_list>
<bind>
<opcode="load(27) " fcode="load"/>
<opset="key_load/2 "/>
</bind>
</comp>

<comp id="52" class="1005" name="i_reg_52">
<pin_list>
<pin id="53" dir="0" index="0" bw="32" slack="1"/>
<pin id="54" dir="1" index="1" bw="32" slack="1"/>
</pin_list>
<bind>
<opset="i (phireg) "/>
</bind>
</comp>

<comp id="56" class="1004" name="i_phi_fu_56">
<pin_list>
<pin id="57" dir="0" index="0" bw="1" slack="1"/>
<pin id="58" dir="0" index="1" bw="0" slack="2147483647"/>
<pin id="59" dir="0" index="2" bw="32" slack="0"/>
<pin id="60" dir="0" index="3" bw="0" slack="2147483647"/>
<pin id="61" dir="1" index="4" bw="32" slack="0"/>
</pin_list>
<bind>
<opcode="phi(47) " fcode="phi"/>
<opset="i/2 "/>
</bind>
</comp>

<comp id="63" class="1005" name="hash_reg_63">
<pin_list>
<pin id="64" dir="0" index="0" bw="32" slack="1"/>
<pin id="65" dir="1" index="1" bw="32" slack="1"/>
</pin_list>
<bind>
<opset="hash (phireg) "/>
</bind>
</comp>

<comp id="67" class="1004" name="hash_phi_fu_67">
<pin_list>
<pin id="68" dir="0" index="0" bw="1" slack="1"/>
<pin id="69" dir="0" index="1" bw="0" slack="2147483647"/>
<pin id="70" dir="0" index="2" bw="32" slack="1"/>
<pin id="71" dir="0" index="3" bw="0" slack="2147483647"/>
<pin id="72" dir="1" index="4" bw="32" slack="0"/>
</pin_list>
<bind>
<opcode="phi(47) " fcode="phi"/>
<opset="hash/2 "/>
</bind>
</comp>

<comp id="75" class="1004" name="tmp_fu_75">
<pin_list>
<pin id="76" dir="0" index="0" bw="32" slack="0"/>
<pin id="77" dir="0" index="1" bw="32" slack="1"/>
<pin id="78" dir="1" index="2" bw="1" slack="2147483647"/>
</pin_list>
<bind>
<opcode="icmp(45) " fcode="icmp"/>
<opset="tmp/2 "/>
</bind>
</comp>

<comp id="80" class="1004" name="i_1_fu_80">
<pin_list>
<pin id="81" dir="0" index="0" bw="32" slack="0"/>
<pin id="82" dir="0" index="1" bw="1" slack="0"/>
<pin id="83" dir="1" index="2" bw="32" slack="0"/>
</pin_list>
<bind>
<opcode="add(8) " fcode="add"/>
<opset="i_1/2 "/>
</bind>
</comp>

<comp id="86" class="1004" name="tmp_8_fu_86">
<pin_list>
<pin id="87" dir="0" index="0" bw="32" slack="0"/>
<pin id="88" dir="1" index="1" bw="64" slack="0"/>
</pin_list>
<bind>
<opcode="sext(35) " fcode="sext"/>
<opset="tmp_8/2 "/>
</bind>
</comp>

<comp id="91" class="1004" name="tmp_1_fu_91">
<pin_list>
<pin id="92" dir="0" index="0" bw="32" slack="0"/>
<pin id="93" dir="0" index="1" bw="3" slack="0"/>
<pin id="94" dir="1" index="2" bw="32" slack="0"/>
</pin_list>
<bind>
<opcode="shl(20) " fcode="shl"/>
<opset="tmp_1/2 "/>
</bind>
</comp>

<comp id="97" class="1004" name="hash_1_fu_97">
<pin_list>
<pin id="98" dir="0" index="0" bw="32" slack="0"/>
<pin id="99" dir="0" index="1" bw="32" slack="0"/>
<pin id="100" dir="1" index="2" bw="32" slack="0"/>
</pin_list>
<bind>
<opcode="add(8) " fcode="add"/>
<opset="hash_1/2 "/>
</bind>
</comp>

<comp id="103" class="1004" name="tmp_3_fu_103">
<pin_list>
<pin id="104" dir="0" index="0" bw="21" slack="0"/>
<pin id="105" dir="0" index="1" bw="32" slack="0"/>
<pin id="106" dir="0" index="2" bw="5" slack="0"/>
<pin id="107" dir="0" index="3" bw="6" slack="0"/>
<pin id="108" dir="1" index="4" bw="21" slack="0"/>
</pin_list>
<bind>
<opcode="partselect(1002) " fcode="partselect"/>
<opset="tmp_3/2 "/>
</bind>
</comp>

<comp id="113" class="1004" name="tmp_6_fu_113">
<pin_list>
<pin id="114" dir="0" index="0" bw="21" slack="0"/>
<pin id="115" dir="1" index="1" bw="32" slack="0"/>
</pin_list>
<bind>
<opcode="zext(34) " fcode="zext"/>
<opset="tmp_6/2 "/>
</bind>
</comp>

<comp id="117" class="1004" name="hash_2_fu_117">
<pin_list>
<pin id="118" dir="0" index="0" bw="21" slack="0"/>
<pin id="119" dir="0" index="1" bw="32" slack="0"/>
<pin id="120" dir="1" index="2" bw="32" slack="0"/>
</pin_list>
<bind>
<opcode="xor(25) " fcode="xor"/>
<opset="hash_2/2 "/>
</bind>
</comp>

<comp id="123" class="1004" name="tmp_4_fu_123">
<pin_list>
<pin id="124" dir="0" index="0" bw="32" slack="0"/>
<pin id="125" dir="0" index="1" bw="5" slack="0"/>
<pin id="126" dir="1" index="2" bw="32" slack="0"/>
</pin_list>
<bind>
<opcode="shl(20) " fcode="shl"/>
<opset="tmp_4/2 "/>
</bind>
</comp>

<comp id="129" class="1004" name="hash_3_fu_129">
<pin_list>
<pin id="130" dir="0" index="0" bw="32" slack="0"/>
<pin id="131" dir="0" index="1" bw="32" slack="0"/>
<pin id="132" dir="1" index="2" bw="32" slack="2147483647"/>
</pin_list>
<bind>
<opcode="add(8) " fcode="add"/>
<opset="hash_3/2 "/>
</bind>
</comp>

<comp id="135" class="1004" name="tmp_9_fu_135">
<pin_list>
<pin id="136" dir="0" index="0" bw="8" slack="0"/>
<pin id="137" dir="1" index="1" bw="32" slack="0"/>
</pin_list>
<bind>
<opcode="sext(35) " fcode="sext"/>
<opset="tmp_9/3 "/>
</bind>
</comp>

<comp id="139" class="1004" name="hash_4_fu_139">
<pin_list>
<pin id="140" dir="0" index="0" bw="8" slack="0"/>
<pin id="141" dir="0" index="1" bw="32" slack="1"/>
<pin id="142" dir="1" index="2" bw="32" slack="1"/>
</pin_list>
<bind>
<opcode="add(8) " fcode="add"/>
<opset="hash_4/3 "/>
</bind>
</comp>

<comp id="145" class="1004" name="tmp_5_fu_145">
<pin_list>
<pin id="146" dir="0" index="0" bw="32" slack="1"/>
<pin id="147" dir="0" index="1" bw="5" slack="0"/>
<pin id="148" dir="1" index="2" bw="32" slack="0"/>
</pin_list>
<bind>
<opcode="shl(20) " fcode="shl"/>
<opset="tmp_5/4 "/>
</bind>
</comp>

<comp id="150" class="1004" name="hash_5_fu_150">
<pin_list>
<pin id="151" dir="0" index="0" bw="32" slack="1"/>
<pin id="152" dir="0" index="1" bw="32" slack="0"/>
<pin id="153" dir="1" index="2" bw="32" slack="0"/>
</pin_list>
<bind>
<opcode="add(8) " fcode="add"/>
<opset="hash_5/4 "/>
</bind>
</comp>

<comp id="155" class="1004" name="tmp_2_fu_155">
<pin_list>
<pin id="156" dir="0" index="0" bw="26" slack="0"/>
<pin id="157" dir="0" index="1" bw="32" slack="0"/>
<pin id="158" dir="0" index="2" bw="4" slack="0"/>
<pin id="159" dir="0" index="3" bw="6" slack="0"/>
<pin id="160" dir="1" index="4" bw="26" slack="0"/>
</pin_list>
<bind>
<opcode="partselect(1002) " fcode="partselect"/>
<opset="tmp_2/4 "/>
</bind>
</comp>

<comp id="165" class="1004" name="tmp_s_fu_165">
<pin_list>
<pin id="166" dir="0" index="0" bw="26" slack="0"/>
<pin id="167" dir="1" index="1" bw="32" slack="0"/>
</pin_list>
<bind>
<opcode="zext(34) " fcode="zext"/>
<opset="tmp_s/4 "/>
</bind>
</comp>

<comp id="169" class="1004" name="hash_6_fu_169">
<pin_list>
<pin id="170" dir="0" index="0" bw="26" slack="0"/>
<pin id="171" dir="0" index="1" bw="32" slack="0"/>
<pin id="172" dir="1" index="2" bw="32" slack="1"/>
</pin_list>
<bind>
<opcode="xor(25) " fcode="xor"/>
<opset="hash_6/4 "/>
</bind>
</comp>

<comp id="175" class="1005" name="length_read_reg_175">
<pin_list>
<pin id="176" dir="0" index="0" bw="32" slack="1"/>
<pin id="177" dir="1" index="1" bw="32" slack="1"/>
</pin_list>
<bind>
<opset="length_read "/>
</bind>
</comp>

<comp id="183" class="1005" name="i_1_reg_183">
<pin_list>
<pin id="184" dir="0" index="0" bw="32" slack="0"/>
<pin id="185" dir="1" index="1" bw="32" slack="0"/>
</pin_list>
<bind>
<opset="i_1 "/>
</bind>
</comp>

<comp id="188" class="1005" name="key_addr_reg_188">
<pin_list>
<pin id="189" dir="0" index="0" bw="10" slack="1"/>
<pin id="190" dir="1" index="1" bw="10" slack="1"/>
</pin_list>
<bind>
<opset="key_addr "/>
</bind>
</comp>

<comp id="193" class="1005" name="hash_4_reg_193">
<pin_list>
<pin id="194" dir="0" index="0" bw="32" slack="1"/>
<pin id="195" dir="1" index="1" bw="32" slack="1"/>
</pin_list>
<bind>
<opset="hash_4 "/>
</bind>
</comp>

<comp id="199" class="1005" name="hash_6_reg_199">
<pin_list>
<pin id="200" dir="0" index="0" bw="32" slack="1"/>
<pin id="201" dir="1" index="1" bw="32" slack="1"/>
</pin_list>
<bind>
<opset="hash_6 "/>
</bind>
</comp>

</comp_list>

<net_list>
<net id="38"><net_src comp="12" pin="0"/><net_sink comp="34" pin=0"/></net>

<net id="39"><net_src comp="0" pin="0"/><net_sink comp="34" pin=1"/></net>

<net id="45"><net_src comp="2" pin="0"/><net_sink comp="40" pin=0"/></net>

<net id="46"><net_src comp="16" pin="0"/><net_sink comp="40" pin=1"/></net>

<net id="51"><net_src comp="40" pin="3"/><net_sink comp="47" pin=0"/></net>

<net id="55"><net_src comp="6" pin="0"/><net_sink comp="52" pin=0"/></net>

<net id="62"><net_src comp="52" pin="1"/><net_sink comp="56" pin=0"/></net>

<net id="66"><net_src comp="6" pin="0"/><net_sink comp="63" pin=0"/></net>

<net id="73"><net_src comp="63" pin="1"/><net_sink comp="67" pin=0"/></net>

<net id="74"><net_src comp="67" pin="4"/><net_sink comp="63" pin=0"/></net>

<net id="79"><net_src comp="56" pin="4"/><net_sink comp="75" pin=0"/></net>

<net id="84"><net_src comp="56" pin="4"/><net_sink comp="80" pin=0"/></net>

<net id="85"><net_src comp="14" pin="0"/><net_sink comp="80" pin=1"/></net>

<net id="89"><net_src comp="56" pin="4"/><net_sink comp="86" pin=0"/></net>

<net id="90"><net_src comp="86" pin="1"/><net_sink comp="40" pin=2"/></net>

<net id="95"><net_src comp="67" pin="4"/><net_sink comp="91" pin=0"/></net>

<net id="96"><net_src comp="18" pin="0"/><net_sink comp="91" pin=1"/></net>

<net id="101"><net_src comp="67" pin="4"/><net_sink comp="97" pin=0"/></net>

<net id="102"><net_src comp="91" pin="2"/><net_sink comp="97" pin=1"/></net>

<net id="109"><net_src comp="20" pin="0"/><net_sink comp="103" pin=0"/></net>

<net id="110"><net_src comp="97" pin="2"/><net_sink comp="103" pin=1"/></net>

<net id="111"><net_src comp="22" pin="0"/><net_sink comp="103" pin=2"/></net>

<net id="112"><net_src comp="24" pin="0"/><net_sink comp="103" pin=3"/></net>

<net id="116"><net_src comp="103" pin="4"/><net_sink comp="113" pin=0"/></net>

<net id="121"><net_src comp="113" pin="1"/><net_sink comp="117" pin=0"/></net>

<net id="122"><net_src comp="97" pin="2"/><net_sink comp="117" pin=1"/></net>

<net id="127"><net_src comp="117" pin="2"/><net_sink comp="123" pin=0"/></net>

<net id="128"><net_src comp="26" pin="0"/><net_sink comp="123" pin=1"/></net>

<net id="133"><net_src comp="117" pin="2"/><net_sink comp="129" pin=0"/></net>

<net id="134"><net_src comp="123" pin="2"/><net_sink comp="129" pin=1"/></net>

<net id="138"><net_src comp="47" pin="2"/><net_sink comp="135" pin=0"/></net>

<net id="143"><net_src comp="135" pin="1"/><net_sink comp="139" pin=0"/></net>

<net id="144"><net_src comp="63" pin="1"/><net_sink comp="139" pin=1"/></net>

<net id="149"><net_src comp="28" pin="0"/><net_sink comp="145" pin=1"/></net>

<net id="154"><net_src comp="145" pin="2"/><net_sink comp="150" pin=1"/></net>

<net id="161"><net_src comp="30" pin="0"/><net_sink comp="155" pin=0"/></net>

<net id="162"><net_src comp="150" pin="2"/><net_sink comp="155" pin=1"/></net>

<net id="163"><net_src comp="32" pin="0"/><net_sink comp="155" pin=2"/></net>

<net id="164"><net_src comp="24" pin="0"/><net_sink comp="155" pin=3"/></net>

<net id="168"><net_src comp="155" pin="4"/><net_sink comp="165" pin=0"/></net>

<net id="173"><net_src comp="165" pin="1"/><net_sink comp="169" pin=0"/></net>

<net id="174"><net_src comp="150" pin="2"/><net_sink comp="169" pin=1"/></net>

<net id="178"><net_src comp="34" pin="2"/><net_sink comp="175" pin=0"/></net>

<net id="179"><net_src comp="175" pin="1"/><net_sink comp="75" pin=1"/></net>

<net id="186"><net_src comp="80" pin="2"/><net_sink comp="183" pin=0"/></net>

<net id="187"><net_src comp="183" pin="1"/><net_sink comp="56" pin=2"/></net>

<net id="191"><net_src comp="40" pin="3"/><net_sink comp="188" pin=0"/></net>

<net id="192"><net_src comp="188" pin="1"/><net_sink comp="47" pin=0"/></net>

<net id="196"><net_src comp="139" pin="2"/><net_sink comp="193" pin=0"/></net>

<net id="197"><net_src comp="193" pin="1"/><net_sink comp="145" pin=0"/></net>

<net id="198"><net_src comp="193" pin="1"/><net_sink comp="150" pin=0"/></net>

<net id="202"><net_src comp="169" pin="2"/><net_sink comp="199" pin=0"/></net>

<net id="203"><net_src comp="199" pin="1"/><net_sink comp="67" pin=2"/></net>

</net_list>

</model> 
---------------- Datapath Model END ------------------

* FSMD analyzer results:
  - Output states:
 - Input state : 
	Port: jenkins_one_at_a_time : length_r | {1 }
	Port: jenkins_one_at_a_time : key | {2 3 }
  - Chain level:
	State 1
	State 2
		tmp : 1
		i_1 : 1
		StgValue_15 : 2
		tmp_8 : 1
		key_addr : 2
		key_load : 3
		tmp_1 : 1
		hash_1 : 1
		tmp_3 : 2
		tmp_6 : 3
		hash_2 : 4
		tmp_4 : 4
		hash_3 : 4
		StgValue_26 : 5
	State 3
		tmp_9 : 1
		hash_4 : 2
	State 4
		tmp_2 : 1
		tmp_s : 2
		hash_6 : 3


============================================================
+ Verbose Summary: Datapath Resource usage 
============================================================

* Functional unit list:
|----------|------------------------|---------|---------|
| Operation|     Functional Unit    |    FF   |   LUT   |
|----------|------------------------|---------|---------|
|          |        i_1_fu_80       |    0    |    39   |
|          |      hash_1_fu_97      |    0    |    39   |
|    add   |      hash_3_fu_129     |    0    |    39   |
|          |      hash_4_fu_139     |    0    |    39   |
|          |      hash_5_fu_150     |    0    |    39   |
|----------|------------------------|---------|---------|
|    xor   |      hash_2_fu_117     |    0    |    39   |
|          |      hash_6_fu_169     |    0    |    39   |
|----------|------------------------|---------|---------|
|   icmp   |        tmp_fu_75       |    0    |    18   |
|----------|------------------------|---------|---------|
|   read   | length_read_read_fu_34 |    0    |    0    |
|----------|------------------------|---------|---------|
|   sext   |       tmp_8_fu_86      |    0    |    0    |
|          |      tmp_9_fu_135      |    0    |    0    |
|----------|------------------------|---------|---------|
|          |       tmp_1_fu_91      |    0    |    0    |
|    shl   |      tmp_4_fu_123      |    0    |    0    |
|          |      tmp_5_fu_145      |    0    |    0    |
|----------|------------------------|---------|---------|
|partselect|      tmp_3_fu_103      |    0    |    0    |
|          |      tmp_2_fu_155      |    0    |    0    |
|----------|------------------------|---------|---------|
|   zext   |      tmp_6_fu_113      |    0    |    0    |
|          |      tmp_s_fu_165      |    0    |    0    |
|----------|------------------------|---------|---------|
|   Total  |                        |    0    |   291   |
|----------|------------------------|---------|---------|

Memories:
N/A

* Register list:
+-------------------+--------+
|                   |   FF   |
+-------------------+--------+
|   hash_4_reg_193  |   32   |
|   hash_6_reg_199  |   32   |
|    hash_reg_63    |   32   |
|    i_1_reg_183    |   32   |
|      i_reg_52     |   32   |
|  key_addr_reg_188 |   10   |
|length_read_reg_175|   32   |
+-------------------+--------+
|       Total       |   202  |
+-------------------+--------+

* Multiplexer (MUX) list: 
|------------------|------|------|------|--------||---------||---------|
|       Comp       |  Pin | Size |  BW  | S x BW ||  Delay  ||   LUT   |
|------------------|------|------|------|--------||---------||---------|
| grp_access_fu_47 |  p0  |   2  |  10  |   20   ||    9    |
|    hash_reg_63   |  p0  |   2  |  32  |   64   ||    9    |
|------------------|------|------|------|--------||---------||---------|
|       Total      |      |      |      |   84   ||  3.538  ||    18   |
|------------------|------|------|------|--------||---------||---------|



* Summary:
+-----------+--------+--------+--------+
|           |  Delay |   FF   |   LUT  |
+-----------+--------+--------+--------+
|  Function |    -   |    0   |   291  |
|   Memory  |    -   |    -   |    -   |
|Multiplexer|    3   |    -   |   18   |
|  Register |    -   |   202  |    -   |
+-----------+--------+--------+--------+
|   Total   |    3   |   202  |   309  |
+-----------+--------+--------+--------+
