

================================================================
== Vivado HLS Report for 'jenkins_one_at_a_time'
================================================================
* Date:           Thu Oct 18 22:13:48 2018

* Version:        2017.4 (Build 2086221 on Fri Dec 15 21:13:33 MST 2017)
* Project:        hashing
* Solution:       solution1
* Product family: zynq
* Target device:  xc7z020clg484-1


================================================================
== Performance Estimates
================================================================
+ Timing (ns): 
    * Summary: 
    +--------+-------+----------+------------+
    |  Clock | Target| Estimated| Uncertainty|
    +--------+-------+----------+------------+
    |ap_clk  |  10.00|      5.96|        1.25|
    +--------+-------+----------+------------+

+ Latency (clock cycles): 
    * Summary: 
    +-----+-----+-----+-----+---------+
    |  Latency  |  Interval | Pipeline|
    | min | max | min | max |   Type  |
    +-----+-----+-----+-----+---------+
    |    ?|    ?|    ?|    ?|   none  |
    +-----+-----+-----+-----+---------+

    + Detail: 
        * Instance: 
        N/A

        * Loop: 
        +----------+-----+-----+----------+-----------+-----------+------+----------+
        |          |  Latency  | Iteration|  Initiation Interval  | Trip |          |
        | Loop Name| min | max |  Latency |  achieved |   target  | Count| Pipelined|
        +----------+-----+-----+----------+-----------+-----------+------+----------+
        |- Loop 1  |    ?|    ?|         3|          -|          -|     ?|    no    |
        +----------+-----+-----+----------+-----------+-----------+------+----------+



================================================================
== Utilization Estimates
================================================================
* Summary: 
+-----------------+---------+-------+--------+-------+
|       Name      | BRAM_18K| DSP48E|   FF   |  LUT  |
+-----------------+---------+-------+--------+-------+
|DSP              |        -|      -|       -|      -|
|Expression       |        -|      -|       0|    291|
|FIFO             |        -|      -|       -|      -|
|Instance         |        -|      -|       -|      -|
|Memory           |        -|      -|       -|      -|
|Multiplexer      |        -|      -|       -|     45|
|Register         |        -|      -|     132|      -|
+-----------------+---------+-------+--------+-------+
|Total            |        0|      0|     132|    336|
+-----------------+---------+-------+--------+-------+
|Available        |      280|    220|  106400|  53200|
+-----------------+---------+-------+--------+-------+
|Utilization (%)  |        0|      0|   ~0   |   ~0  |
+-----------------+---------+-------+--------+-------+

+ Detail: 
    * Instance: 
    N/A

    * DSP48: 
    N/A

    * Memory: 
    N/A

    * FIFO: 
    N/A

    * Expression: 
    +------------------+----------+-------+---+----+------------+------------+
    |   Variable Name  | Operation| DSP48E| FF| LUT| Bitwidth P0| Bitwidth P1|
    +------------------+----------+-------+---+----+------------+------------+
    |ap_return         |     +    |      0|  0|  39|          32|          32|
    |hash_1_fu_97_p2   |     +    |      0|  0|  39|          32|          32|
    |hash_4_fu_139_p2  |     +    |      0|  0|  39|          32|          32|
    |hash_5_fu_150_p2  |     +    |      0|  0|  39|          32|          32|
    |i_1_fu_80_p2      |     +    |      0|  0|  39|          32|           1|
    |tmp_fu_75_p2      |   icmp   |      0|  0|  18|          32|          32|
    |hash_2_fu_117_p2  |    xor   |      0|  0|  39|          32|          32|
    |hash_6_fu_169_p2  |    xor   |      0|  0|  39|          32|          32|
    +------------------+----------+-------+---+----+------------+------------+
    |Total             |          |      0|  0| 291|         256|         225|
    +------------------+----------+-------+---+----+------------+------------+

    * Multiplexer: 
    +-------------+----+-----------+-----+-----------+
    |     Name    | LUT| Input Size| Bits| Total Bits|
    +-------------+----+-----------+-----+-----------+
    |ap_NS_fsm    |  27|          5|    1|          5|
    |hash_reg_63  |   9|          2|   32|         64|
    |i_reg_52     |   9|          2|   32|         64|
    +-------------+----+-----------+-----+-----------+
    |Total        |  45|          9|   65|        133|
    +-------------+----+-----------+-----+-----------+

    * Register: 
    +----------------+----+----+-----+-----------+
    |      Name      | FF | LUT| Bits| Const Bits|
    +----------------+----+----+-----+-----------+
    |ap_CS_fsm       |   4|   0|    4|          0|
    |hash_4_reg_193  |  32|   0|   32|          0|
    |hash_reg_63     |  32|   0|   32|          0|
    |i_1_reg_183     |  32|   0|   32|          0|
    |i_reg_52        |  32|   0|   32|          0|
    +----------------+----+----+-----+-----------+
    |Total           | 132|   0|  132|          0|
    +----------------+----+----+-----+-----------+



================================================================
== Interface
================================================================
* Summary: 
+--------------+-----+-----+------------+-----------------------+--------------+
|   RTL Ports  | Dir | Bits|  Protocol  |     Source Object     |    C Type    |
+--------------+-----+-----+------------+-----------------------+--------------+
|ap_clk        |  in |    1| ap_ctrl_hs | jenkins_one_at_a_time | return value |
|ap_rst        |  in |    1| ap_ctrl_hs | jenkins_one_at_a_time | return value |
|ap_start      |  in |    1| ap_ctrl_hs | jenkins_one_at_a_time | return value |
|ap_done       | out |    1| ap_ctrl_hs | jenkins_one_at_a_time | return value |
|ap_idle       | out |    1| ap_ctrl_hs | jenkins_one_at_a_time | return value |
|ap_ready      | out |    1| ap_ctrl_hs | jenkins_one_at_a_time | return value |
|ap_return     | out |   32| ap_ctrl_hs | jenkins_one_at_a_time | return value |
|length_r      |  in |   32|   ap_none  |        length_r       |    scalar    |
|key_address0  | out |   10|  ap_memory |          key          |     array    |
|key_ce0       | out |    1|  ap_memory |          key          |     array    |
|key_q0        |  in |    8|  ap_memory |          key          |     array    |
+--------------+-----+-----+------------+-----------------------+--------------+

